#
# There is insufficient memory for the Java Runtime Environment to continue.
# Native memory allocation (malloc) failed to allocate 1048576 bytes. Error detail: AllocateHeap
# Possible reasons:
#   The system is out of physical RAM or swap space
#   This process is running with CompressedOops enabled, and the Java Heap may be blocking the growth of the native heap
# Possible solutions:
#   Reduce memory load on the system
#   Increase physical memory or swap space
#   Check if swap backing store is full
#   Decrease Java heap size (-Xmx/-Xms)
#   Decrease number of Java threads
#   Decrease Java thread stack sizes (-Xss)
#   Set larger code cache with -XX:ReservedCodeCacheSize=
#   JVM is running with Zero Based Compressed Oops mode in which the Java heap is
#     placed in the first 32GB address space. The Java Heap base address is the
#     maximum limit for the native heap growth. Please use -XX:HeapBaseMinAddress
#     to set the Java Heap base and to place the Java Heap above 32GB virtual address.
# This output file may be truncated or incomplete.
#
#  Out of Memory Error (allocation.cpp:44), pid=32592, tid=3852
#
# JRE version: OpenJDK Runtime Environment Temurin-21.0.8+9 (21.0.8+9) (build 21.0.8+9-LTS)
# Java VM: OpenJDK 64-Bit Server VM Temurin-21.0.8+9 (21.0.8+9-LTS, mixed mode, sharing, tiered, compressed oops, compressed class ptrs, g1 gc, windows-amd64)
# No core dump will be written. Minidumps are not enabled by default on client versions of Windows
#

---------------  S U M M A R Y ------------

Command Line: -XX:+ShowCodeDetailsInExceptionMessages com.ojtechapi.spring.jwtoauth.OJTechApiApplication

Host: AMD Ryzen 7 5700X 8-Core Processor             , 16 cores, 15G,  Windows 11 , 64 bit Build 26100 (10.0.26100.6725)
Time: Fri Oct 24 23:18:33 2025 Taipei Standard Time elapsed time: 4752.177373 seconds (0d 1h 19m 12s)

---------------  T H R E A D  ---------------

Current thread (0x00000231179cfe50):  VMThread "VM Thread"          [id=3852, stack(0x000000a551100000,0x000000a551200000) (1024K)]

Stack: [0x000000a551100000,0x000000a551200000]
Native frames: (J=compiled Java code, j=interpreted, Vv=VM code, C=native code)
V  [jvm.dll+0x6d2449]
V  [jvm.dll+0x8ae341]
V  [jvm.dll+0x8b08be]
V  [jvm.dll+0x8b0fa3]
V  [jvm.dll+0x280c96]
V  [jvm.dll+0xc0347]
V  [jvm.dll+0x348fb2]
V  [jvm.dll+0x343a2e]
V  [jvm.dll+0x32c418]
V  [jvm.dll+0x36e654]
V  [jvm.dll+0x8b6cbf]
V  [jvm.dll+0x8b8044]
V  [jvm.dll+0x8b8580]
V  [jvm.dll+0x8b8823]
V  [jvm.dll+0x857e6b]
V  [jvm.dll+0x6d0b0d]
C  [ucrtbase.dll+0x37b0]
C  [KERNEL32.DLL+0x2e8d7]
C  [ntdll.dll+0x8c53c]

VM_Operation (0x000000a5507ff000): G1CollectFull, mode: safepoint, requested by thread 0x000002316506edf0


---------------  P R O C E S S  ---------------

Threads class SMR info:
_java_thread_list=0x000002316000e8a0, length=16, elements={
0x00000231179e8080, 0x00000231179eabe0, 0x00000231179ef9e0, 0x00000231179f1570,
0x00000231179f2240, 0x00000231179f4ca0, 0x0000023117a197b0, 0x0000023117a1f650,
0x000002311aa43d10, 0x000002311aa547a0, 0x0000023164bd8e60, 0x0000023164bdc970,
0x0000023165134c70, 0x0000023165132ba0, 0x0000023164bdb5c0, 0x000002316506edf0
}

Java Threads: ( => current thread )
  0x00000231179e8080 JavaThread "Reference Handler"          daemon [_thread_blocked, id=50104, stack(0x000000a551200000,0x000000a551300000) (1024K)]
  0x00000231179eabe0 JavaThread "Finalizer"                  daemon [_thread_blocked, id=46504, stack(0x000000a551300000,0x000000a551400000) (1024K)]
  0x00000231179ef9e0 JavaThread "Signal Dispatcher"          daemon [_thread_blocked, id=42344, stack(0x000000a551400000,0x000000a551500000) (1024K)]
  0x00000231179f1570 JavaThread "Attach Listener"            daemon [_thread_blocked, id=14824, stack(0x000000a551500000,0x000000a551600000) (1024K)]
  0x00000231179f2240 JavaThread "Service Thread"             daemon [_thread_blocked, id=42096, stack(0x000000a551600000,0x000000a551700000) (1024K)]
  0x00000231179f4ca0 JavaThread "Monitor Deflation Thread"   daemon [_thread_blocked, id=34608, stack(0x000000a551700000,0x000000a551800000) (1024K)]
  0x0000023117a197b0 JavaThread "C2 CompilerThread0"         daemon [_thread_blocked, id=696, stack(0x000000a551800000,0x000000a551900000) (1024K)]
  0x0000023117a1f650 JavaThread "C1 CompilerThread0"         daemon [_thread_blocked, id=38648, stack(0x000000a551900000,0x000000a551a00000) (1024K)]
  0x000002311aa43d10 JavaThread "Notification Thread"        daemon [_thread_blocked, id=9972, stack(0x000000a551b00000,0x000000a551c00000) (1024K)]
  0x000002311aa547a0 JavaThread "Common-Cleaner"             daemon [_thread_blocked, id=38916, stack(0x000000a551c00000,0x000000a551d00000) (1024K)]
  0x0000023164bd8e60 JavaThread "Live Reload Server"         daemon [_thread_in_native, id=40056, stack(0x000000a553800000,0x000000a553900000) (1024K)]
  0x0000023164bdc970 JavaThread "DestroyJavaVM"                     [_thread_blocked, id=23036, stack(0x000000a550a00000,0x000000a550b00000) (1024K)]
  0x0000023165134c70 JavaThread "File Watcher"               daemon [_thread_blocked, id=54112, stack(0x000000a551a00000,0x000000a551b00000) (1024K)]
  0x0000023165132ba0 JavaThread "File Watcher"               daemon [_thread_blocked, id=50812, stack(0x000000a551d00000,0x000000a551e00000) (1024K)]
  0x0000023164bdb5c0 JavaThread "File Watcher"               daemon [_thread_blocked, id=51504, stack(0x000000a550900000,0x000000a550a00000) (1024K)]
  0x000002316506edf0 JavaThread "Thread-81"                         [_thread_blocked, id=35432, stack(0x000000a550700000,0x000000a550800000) (1024K)]
Total: 16

Other Threads:
=>0x00000231179cfe50 VMThread "VM Thread"                           [id=3852, stack(0x000000a551100000,0x000000a551200000) (1024K)]
  0x000002311a880090 WatcherThread "VM Periodic Task Thread"        [id=49192, stack(0x000000a551000000,0x000000a551100000) (1024K)]
  0x000002317f5cea20 WorkerThread "GC Thread#0"                     [id=31928, stack(0x000000a550b00000,0x000000a550c00000) (1024K)]
  0x00000231608266c0 WorkerThread "GC Thread#1"                     [id=44088, stack(0x000000a552100000,0x000000a552200000) (1024K)]
  0x0000023160825100 WorkerThread "GC Thread#2"                     [id=34136, stack(0x000000a552200000,0x000000a552300000) (1024K)]
  0x0000023160826a60 WorkerThread "GC Thread#3"                     [id=10768, stack(0x000000a552300000,0x000000a552400000) (1024K)]
  0x00000231608254a0 WorkerThread "GC Thread#4"                     [id=38580, stack(0x000000a552400000,0x000000a552500000) (1024K)]
  0x0000023160825840 WorkerThread "GC Thread#5"                     [id=13100, stack(0x000000a552500000,0x000000a552600000) (1024K)]
  0x0000023160826320 WorkerThread "GC Thread#6"                     [id=48480, stack(0x000000a552900000,0x000000a552a00000) (1024K)]
  0x0000023160ba25f0 WorkerThread "GC Thread#7"                     [id=8572, stack(0x000000a552a00000,0x000000a552b00000) (1024K)]
  0x0000023160ba1030 WorkerThread "GC Thread#8"                     [id=47848, stack(0x000000a552c00000,0x000000a552d00000) (1024K)]
  0x0000023160ba1eb0 WorkerThread "GC Thread#9"                     [id=37500, stack(0x000000a552d00000,0x000000a552e00000) (1024K)]
  0x0000023160ba4a30 WorkerThread "GC Thread#10"                    [id=37748, stack(0x000000a552e00000,0x000000a552f00000) (1024K)]
  0x0000023160ba30d0 WorkerThread "GC Thread#11"                    [id=25948, stack(0x000000a552f00000,0x000000a553000000) (1024K)]
  0x0000023160ba3470 WorkerThread "GC Thread#12"                    [id=50528, stack(0x000000a553000000,0x000000a553100000) (1024K)]
  0x000002317f5dbb30 ConcurrentGCThread "G1 Main Marker"            [id=43688, stack(0x000000a550c00000,0x000000a550d00000) (1024K)]
  0x0000023117873970 WorkerThread "G1 Conc#0"                       [id=34520, stack(0x000000a550d00000,0x000000a550e00000) (1024K)]
  0x0000023160ba2d30 WorkerThread "G1 Conc#1"                       [id=51008, stack(0x000000a553100000,0x000000a553200000) (1024K)]
  0x0000023160ba3810 WorkerThread "G1 Conc#2"                       [id=28264, stack(0x000000a553200000,0x000000a553300000) (1024K)]
  0x00000231178f8d30 ConcurrentGCThread "G1 Refine#0"               [id=18932, stack(0x000000a550e00000,0x000000a550f00000) (1024K)]
  0x00000231178fa660 ConcurrentGCThread "G1 Service"                [id=46008, stack(0x000000a550f00000,0x000000a551000000) (1024K)]
Total: 21

Threads with active compile tasks:
Total: 0

VM state: at safepoint (normal execution)

VM Mutex/Monitor currently owned by a thread:  ([mutex/lock_event])
[0x00007ff86ee35458] Threads_lock - owner thread: 0x00000231179cfe50
[0x00007ff86ee35558] Heap_lock - owner thread: 0x000002316506edf0

Heap address: 0x0000000701200000, size: 4078 MB, Compressed Oops mode: Zero based, Oop shift amount: 3

CDS archive(s) mapped at: [0x000002311b000000-0x000002311bba0000-0x000002311bba0000), size 12189696, SharedBaseAddress: 0x000002311b000000, ArchiveRelocationMode: 1.
Compressed class space mapped at: 0x000002311c000000-0x000002315c000000, reserved size: 1073741824
Narrow klass base: 0x000002311b000000, Narrow klass shift: 0, Narrow klass range: 0x100000000

GC Precious Log:
 CardTable entry size: 512
 Card Set container configuration: InlinePtr #cards 4 size 8 Array Of Cards #cards 16 size 48 Howl #buckets 8 coarsen threshold 3686 Howl Bitmap #cards 512 size 80 coarsen threshold 460 Card regions per heap region 1 cards per card region 4096
 CPUs: 16 total, 16 available
 Memory: 16306M
 Large Page Support: Disabled
 NUMA Support: Disabled
 Compressed Oops: Enabled (Zero based)
 Heap Region Size: 2M
 Heap Min Capacity: 8M
 Heap Initial Capacity: 256M
 Heap Max Capacity: 4078M
 Pre-touch: Disabled
 Parallel Workers: 13
 Concurrent Workers: 3
 Concurrent Refinement Workers: 13
 Periodic GC: Disabled

Heap:
 garbage-first heap   total 557056K, used 428777K [0x0000000701200000, 0x0000000800000000)
  region size 2048K, 59 young (120832K), 6 survivors (12288K)
 Metaspace       used 175962K, committed 177664K, reserved 1245184K
  class space    used 18524K, committed 19392K, reserved 1048576K

Heap Regions: E=young(eden), S=young(survivor), O=old, HS=humongous(starts), HC=humongous(continues), CS=collection set, F=free, TAMS=top-at-mark-start, PB=parsable bottom
|   0|0x0000000701200000, 0x0000000701400000, 0x0000000701400000|100%| O|  |TAMS 0x0000000701200000| PB 0x0000000701200000| Untracked 
|   1|0x0000000701400000, 0x00000007015fffe0, 0x0000000701600000| 99%| O|  |TAMS 0x0000000701400000| PB 0x0000000701400000| Untracked 
|   2|0x0000000701600000, 0x00000007017fffd0, 0x0000000701800000| 99%| O|  |TAMS 0x0000000701600000| PB 0x0000000701600000| Untracked 
|   3|0x0000000701800000, 0x00000007019fffe0, 0x0000000701a00000| 99%| O|  |TAMS 0x0000000701800000| PB 0x0000000701800000| Untracked 
|   4|0x0000000701a00000, 0x0000000701bffff8, 0x0000000701c00000| 99%| O|  |TAMS 0x0000000701a00000| PB 0x0000000701a00000| Untracked 
|   5|0x0000000701c00000, 0x0000000701e00000, 0x0000000701e00000|100%| O|  |TAMS 0x0000000701c00000| PB 0x0000000701c00000| Untracked 
|   6|0x0000000701e00000, 0x0000000701fffff8, 0x0000000702000000| 99%| O|  |TAMS 0x0000000701e00000| PB 0x0000000701e00000| Untracked 
|   7|0x0000000702000000, 0x00000007021fffe8, 0x0000000702200000| 99%| O|  |TAMS 0x0000000702000000| PB 0x0000000702000000| Untracked 
|   8|0x0000000702200000, 0x00000007023ffff0, 0x0000000702400000| 99%| O|  |TAMS 0x0000000702200000| PB 0x0000000702200000| Untracked 
|   9|0x0000000702400000, 0x00000007025fffe8, 0x0000000702600000| 99%| O|  |TAMS 0x0000000702400000| PB 0x0000000702400000| Untracked 
|  10|0x0000000702600000, 0x00000007027fffe0, 0x0000000702800000| 99%| O|  |TAMS 0x0000000702600000| PB 0x0000000702600000| Untracked 
|  11|0x0000000702800000, 0x00000007029fffc0, 0x0000000702a00000| 99%| O|  |TAMS 0x0000000702800000| PB 0x0000000702800000| Untracked 
|  12|0x0000000702a00000, 0x0000000702bfff20, 0x0000000702c00000| 99%| O|  |TAMS 0x0000000702a00000| PB 0x0000000702a00000| Untracked 
|  13|0x0000000702c00000, 0x0000000702dffff8, 0x0000000702e00000| 99%| O|  |TAMS 0x0000000702c00000| PB 0x0000000702c00000| Untracked 
|  14|0x0000000702e00000, 0x0000000702fffff8, 0x0000000703000000| 99%| O|  |TAMS 0x0000000702e00000| PB 0x0000000702e00000| Untracked 
|  15|0x0000000703000000, 0x00000007031fffe8, 0x0000000703200000| 99%| O|  |TAMS 0x0000000703000000| PB 0x0000000703000000| Untracked 
|  16|0x0000000703200000, 0x0000000703400000, 0x0000000703400000|100%| O|  |TAMS 0x0000000703200000| PB 0x0000000703200000| Untracked 
|  17|0x0000000703400000, 0x00000007035ffff8, 0x0000000703600000| 99%| O|  |TAMS 0x0000000703400000| PB 0x0000000703400000| Untracked 
|  18|0x0000000703600000, 0x00000007037ffff8, 0x0000000703800000| 99%| O|  |TAMS 0x0000000703600000| PB 0x0000000703600000| Untracked 
|  19|0x0000000703800000, 0x00000007039ffff8, 0x0000000703a00000| 99%| O|  |TAMS 0x0000000703800000| PB 0x0000000703800000| Untracked 
|  20|0x0000000703a00000, 0x0000000703c00000, 0x0000000703c00000|100%| O|  |TAMS 0x0000000703a00000| PB 0x0000000703a00000| Untracked 
|  21|0x0000000703c00000, 0x0000000703e00000, 0x0000000703e00000|100%| O|  |TAMS 0x0000000703c00000| PB 0x0000000703c00000| Untracked 
|  22|0x0000000703e00000, 0x0000000703fffff8, 0x0000000704000000| 99%| O|  |TAMS 0x0000000703e00000| PB 0x0000000703e00000| Untracked 
|  23|0x0000000704000000, 0x00000007041ffff8, 0x0000000704200000| 99%| O|Cm|TAMS 0x0000000704000000| PB 0x0000000704000000| Complete 
|  24|0x0000000704200000, 0x00000007043fffc0, 0x0000000704400000| 99%| O|  |TAMS 0x0000000704200000| PB 0x0000000704200000| Untracked 
|  25|0x0000000704400000, 0x0000000704600000, 0x0000000704600000|100%| O|Cm|TAMS 0x0000000704400000| PB 0x0000000704400000| Complete 
|  26|0x0000000704600000, 0x00000007047ff298, 0x0000000704800000| 99%| O|  |TAMS 0x0000000704600000| PB 0x0000000704600000| Untracked 
|  27|0x0000000704800000, 0x00000007049fffe8, 0x0000000704a00000| 99%| O|  |TAMS 0x0000000704800000| PB 0x0000000704800000| Untracked 
|  28|0x0000000704a00000, 0x0000000704bffff0, 0x0000000704c00000| 99%| O|  |TAMS 0x0000000704a00000| PB 0x0000000704a00000| Untracked 
|  29|0x0000000704c00000, 0x0000000704dfffe0, 0x0000000704e00000| 99%| O|  |TAMS 0x0000000704c00000| PB 0x0000000704c00000| Untracked 
|  30|0x0000000704e00000, 0x0000000704ffffe8, 0x0000000705000000| 99%| O|  |TAMS 0x0000000704e00000| PB 0x0000000704e00000| Untracked 
|  31|0x0000000705000000, 0x00000007051fffe8, 0x0000000705200000| 99%| O|  |TAMS 0x0000000705000000| PB 0x0000000705000000| Untracked 
|  32|0x0000000705200000, 0x0000000705400000, 0x0000000705400000|100%| O|Cm|TAMS 0x0000000705200000| PB 0x0000000705200000| Complete 
|  33|0x0000000705400000, 0x0000000705600000, 0x0000000705600000|100%| O|  |TAMS 0x0000000705400000| PB 0x0000000705400000| Untracked 
|  34|0x0000000705600000, 0x00000007057ffff8, 0x0000000705800000| 99%| O|  |TAMS 0x0000000705600000| PB 0x0000000705600000| Untracked 
|  35|0x0000000705800000, 0x00000007059ffff0, 0x0000000705a00000| 99%| O|  |TAMS 0x0000000705800000| PB 0x0000000705800000| Untracked 
|  36|0x0000000705a00000, 0x0000000705bfffe8, 0x0000000705c00000| 99%| O|  |TAMS 0x0000000705a00000| PB 0x0000000705a00000| Untracked 
|  37|0x0000000705c00000, 0x0000000705dfffe0, 0x0000000705e00000| 99%| O|  |TAMS 0x0000000705c00000| PB 0x0000000705c00000| Untracked 
|  38|0x0000000705e00000, 0x0000000705ff2950, 0x0000000706000000| 97%| O|  |TAMS 0x0000000705e00000| PB 0x0000000705e00000| Untracked 
|  39|0x0000000706000000, 0x0000000706200000, 0x0000000706200000|100%| O|  |TAMS 0x0000000706000000| PB 0x0000000706000000| Untracked 
|  40|0x0000000706200000, 0x00000007063fd5a8, 0x0000000706400000| 99%| O|  |TAMS 0x0000000706200000| PB 0x0000000706200000| Untracked 
|  41|0x0000000706400000, 0x00000007065fffc8, 0x0000000706600000| 99%| O|  |TAMS 0x0000000706400000| PB 0x0000000706400000| Untracked 
|  42|0x0000000706600000, 0x00000007067fffe0, 0x0000000706800000| 99%| O|  |TAMS 0x0000000706600000| PB 0x0000000706600000| Untracked 
|  43|0x0000000706800000, 0x00000007069fffe8, 0x0000000706a00000| 99%| O|  |TAMS 0x0000000706800000| PB 0x0000000706800000| Untracked 
|  44|0x0000000706a00000, 0x0000000706c00000, 0x0000000706c00000|100%| O|  |TAMS 0x0000000706a00000| PB 0x0000000706a00000| Untracked 
|  45|0x0000000706c00000, 0x0000000706dfffd8, 0x0000000706e00000| 99%| O|  |TAMS 0x0000000706c00000| PB 0x0000000706c00000| Untracked 
|  46|0x0000000706e00000, 0x0000000707000000, 0x0000000707000000|100%| O|  |TAMS 0x0000000706e00000| PB 0x0000000706e00000| Untracked 
|  47|0x0000000707000000, 0x00000007071fffe8, 0x0000000707200000| 99%| O|  |TAMS 0x0000000707000000| PB 0x0000000707000000| Untracked 
|  48|0x0000000707200000, 0x00000007073ffff0, 0x0000000707400000| 99%| O|  |TAMS 0x0000000707200000| PB 0x0000000707200000| Untracked 
|  49|0x0000000707400000, 0x00000007075fffd8, 0x0000000707600000| 99%| O|  |TAMS 0x0000000707400000| PB 0x0000000707400000| Untracked 
|  50|0x0000000707600000, 0x00000007077ffff8, 0x0000000707800000| 99%| O|  |TAMS 0x0000000707600000| PB 0x0000000707600000| Untracked 
|  51|0x0000000707800000, 0x00000007079ffff0, 0x0000000707a00000| 99%| O|  |TAMS 0x0000000707800000| PB 0x0000000707800000| Untracked 
|  52|0x0000000707a00000, 0x0000000707c00000, 0x0000000707c00000|100%| O|  |TAMS 0x0000000707a00000| PB 0x0000000707a00000| Untracked 
|  53|0x0000000707c00000, 0x0000000707dffff0, 0x0000000707e00000| 99%| O|  |TAMS 0x0000000707c00000| PB 0x0000000707c00000| Untracked 
|  54|0x0000000707e00000, 0x0000000707ffffd8, 0x0000000708000000| 99%| O|  |TAMS 0x0000000707e00000| PB 0x0000000707e00000| Untracked 
|  55|0x0000000708000000, 0x00000007081f7ad0, 0x0000000708200000| 98%| O|  |TAMS 0x0000000708000000| PB 0x0000000708000000| Untracked 
|  56|0x0000000708200000, 0x00000007083fadd0, 0x0000000708400000| 98%| O|  |TAMS 0x0000000708200000| PB 0x0000000708200000| Untracked 
|  57|0x0000000708400000, 0x00000007085fffb0, 0x0000000708600000| 99%| O|  |TAMS 0x0000000708400000| PB 0x0000000708400000| Untracked 
|  58|0x0000000708600000, 0x00000007087ffff0, 0x0000000708800000| 99%| O|  |TAMS 0x0000000708600000| PB 0x0000000708600000| Untracked 
|  59|0x0000000708800000, 0x00000007089ffff0, 0x0000000708a00000| 99%| O|  |TAMS 0x0000000708800000| PB 0x0000000708800000| Untracked 
|  60|0x0000000708a00000, 0x0000000708c00000, 0x0000000708c00000|100%| O|  |TAMS 0x0000000708a00000| PB 0x0000000708a00000| Untracked 
|  61|0x0000000708c00000, 0x0000000708dffff0, 0x0000000708e00000| 99%| O|  |TAMS 0x0000000708c00000| PB 0x0000000708c00000| Untracked 
|  62|0x0000000708e00000, 0x0000000708fffff0, 0x0000000709000000| 99%| O|  |TAMS 0x0000000708e00000| PB 0x0000000708e00000| Untracked 
|  63|0x0000000709000000, 0x00000007091fffe8, 0x0000000709200000| 99%| O|  |TAMS 0x0000000709000000| PB 0x0000000709000000| Untracked 
|  64|0x0000000709200000, 0x00000007093fff60, 0x0000000709400000| 99%| O|  |TAMS 0x0000000709200000| PB 0x0000000709200000| Untracked 
|  65|0x0000000709400000, 0x00000007095ffff0, 0x0000000709600000| 99%| O|  |TAMS 0x0000000709400000| PB 0x0000000709400000| Untracked 
|  66|0x0000000709600000, 0x00000007097ffff0, 0x0000000709800000| 99%| O|  |TAMS 0x0000000709600000| PB 0x0000000709600000| Untracked 
|  67|0x0000000709800000, 0x00000007099ffff8, 0x0000000709a00000| 99%| O|  |TAMS 0x0000000709800000| PB 0x0000000709800000| Untracked 
|  68|0x0000000709a00000, 0x0000000709bffff0, 0x0000000709c00000| 99%| O|  |TAMS 0x0000000709a00000| PB 0x0000000709a00000| Untracked 
|  69|0x0000000709c00000, 0x0000000709dffff8, 0x0000000709e00000| 99%| O|  |TAMS 0x0000000709c00000| PB 0x0000000709c00000| Untracked 
|  70|0x0000000709e00000, 0x0000000709fffff8, 0x000000070a000000| 99%| O|  |TAMS 0x0000000709e00000| PB 0x0000000709e00000| Untracked 
|  71|0x000000070a000000, 0x000000070a1fffe0, 0x000000070a200000| 99%| O|  |TAMS 0x000000070a000000| PB 0x000000070a000000| Untracked 
|  72|0x000000070a200000, 0x000000070a400000, 0x000000070a400000|100%| O|  |TAMS 0x000000070a200000| PB 0x000000070a200000| Untracked 
|  73|0x000000070a400000, 0x000000070a5fffa0, 0x000000070a600000| 99%| O|  |TAMS 0x000000070a400000| PB 0x000000070a400000| Untracked 
|  74|0x000000070a600000, 0x000000070a800000, 0x000000070a800000|100%| O|  |TAMS 0x000000070a600000| PB 0x000000070a600000| Untracked 
|  75|0x000000070a800000, 0x000000070a9ffff8, 0x000000070aa00000| 99%| O|  |TAMS 0x000000070a800000| PB 0x000000070a800000| Untracked 
|  76|0x000000070aa00000, 0x000000070abfffb0, 0x000000070ac00000| 99%| O|  |TAMS 0x000000070aa00000| PB 0x000000070aa00000| Untracked 
|  77|0x000000070ac00000, 0x000000070adffff8, 0x000000070ae00000| 99%| O|  |TAMS 0x000000070ac00000| PB 0x000000070ac00000| Untracked 
|  78|0x000000070ae00000, 0x000000070affffe8, 0x000000070b000000| 99%| O|  |TAMS 0x000000070ae00000| PB 0x000000070ae00000| Untracked 
|  79|0x000000070b000000, 0x000000070b1ffff8, 0x000000070b200000| 99%| O|  |TAMS 0x000000070b000000| PB 0x000000070b000000| Untracked 
|  80|0x000000070b200000, 0x000000070b3fffe0, 0x000000070b400000| 99%| O|  |TAMS 0x000000070b200000| PB 0x000000070b200000| Untracked 
|  81|0x000000070b400000, 0x000000070b600000, 0x000000070b600000|100%| O|  |TAMS 0x000000070b400000| PB 0x000000070b400000| Untracked 
|  82|0x000000070b600000, 0x000000070b7fffd8, 0x000000070b800000| 99%| O|  |TAMS 0x000000070b600000| PB 0x000000070b600000| Untracked 
|  83|0x000000070b800000, 0x000000070ba00000, 0x000000070ba00000|100%| O|  |TAMS 0x000000070b800000| PB 0x000000070b800000| Untracked 
|  84|0x000000070ba00000, 0x000000070bbf3d68, 0x000000070bc00000| 97%| O|  |TAMS 0x000000070ba00000| PB 0x000000070ba00000| Untracked 
|  85|0x000000070bc00000, 0x000000070bdfffd0, 0x000000070be00000| 99%| O|  |TAMS 0x000000070bc00000| PB 0x000000070bc00000| Untracked 
|  86|0x000000070be00000, 0x000000070bfffff0, 0x000000070c000000| 99%| O|  |TAMS 0x000000070be00000| PB 0x000000070be00000| Untracked 
|  87|0x000000070c000000, 0x000000070c1ffff8, 0x000000070c200000| 99%| O|  |TAMS 0x000000070c000000| PB 0x000000070c000000| Untracked 
|  88|0x000000070c200000, 0x000000070c3ffff8, 0x000000070c400000| 99%| O|  |TAMS 0x000000070c200000| PB 0x000000070c200000| Untracked 
|  89|0x000000070c400000, 0x000000070c600000, 0x000000070c600000|100%| O|  |TAMS 0x000000070c400000| PB 0x000000070c400000| Untracked 
|  90|0x000000070c600000, 0x000000070c800000, 0x000000070c800000|100%| O|  |TAMS 0x000000070c600000| PB 0x000000070c600000| Untracked 
|  91|0x000000070c800000, 0x000000070c9ef0a0, 0x000000070ca00000| 96%| O|  |TAMS 0x000000070c800000| PB 0x000000070c800000| Untracked 
|  92|0x000000070ca00000, 0x000000070cbffff8, 0x000000070cc00000| 99%| O|  |TAMS 0x000000070ca00000| PB 0x000000070ca00000| Untracked 
|  93|0x000000070cc00000, 0x000000070cdffff8, 0x000000070ce00000| 99%| O|  |TAMS 0x000000070cc00000| PB 0x000000070cc00000| Untracked 
|  94|0x000000070ce00000, 0x000000070cffffb0, 0x000000070d000000| 99%| O|  |TAMS 0x000000070ce00000| PB 0x000000070ce00000| Untracked 
|  95|0x000000070d000000, 0x000000070d1ffff0, 0x000000070d200000| 99%| O|  |TAMS 0x000000070d000000| PB 0x000000070d000000| Untracked 
|  96|0x000000070d200000, 0x000000070d3ffff0, 0x000000070d400000| 99%| O|  |TAMS 0x000000070d200000| PB 0x000000070d200000| Untracked 
|  97|0x000000070d400000, 0x000000070d600000, 0x000000070d600000|100%| O|  |TAMS 0x000000070d400000| PB 0x000000070d400000| Untracked 
|  98|0x000000070d600000, 0x000000070d7ffd40, 0x000000070d800000| 99%| O|  |TAMS 0x000000070d600000| PB 0x000000070d600000| Untracked 
|  99|0x000000070d800000, 0x000000070d9fffd8, 0x000000070da00000| 99%| O|  |TAMS 0x000000070d800000| PB 0x000000070d800000| Untracked 
| 100|0x000000070da00000, 0x000000070dc00000, 0x000000070dc00000|100%| O|  |TAMS 0x000000070da00000| PB 0x000000070da00000| Untracked 
| 101|0x000000070dc00000, 0x000000070ddffff0, 0x000000070de00000| 99%| O|  |TAMS 0x000000070dc00000| PB 0x000000070dc00000| Untracked 
| 102|0x000000070de00000, 0x000000070e000000, 0x000000070e000000|100%| O|  |TAMS 0x000000070de00000| PB 0x000000070de00000| Untracked 
| 103|0x000000070e000000, 0x000000070e1fffe8, 0x000000070e200000| 99%| O|  |TAMS 0x000000070e000000| PB 0x000000070e000000| Untracked 
| 104|0x000000070e200000, 0x000000070e3fff78, 0x000000070e400000| 99%| O|  |TAMS 0x000000070e200000| PB 0x000000070e200000| Untracked 
| 105|0x000000070e400000, 0x000000070e600000, 0x000000070e600000|100%| O|  |TAMS 0x000000070e400000| PB 0x000000070e400000| Untracked 
| 106|0x000000070e600000, 0x000000070e7ffff8, 0x000000070e800000| 99%| O|  |TAMS 0x000000070e600000| PB 0x000000070e600000| Untracked 
| 107|0x000000070e800000, 0x000000070e9fffd0, 0x000000070ea00000| 99%| O|  |TAMS 0x000000070e800000| PB 0x000000070e800000| Untracked 
| 108|0x000000070ea00000, 0x000000070ebffff8, 0x000000070ec00000| 99%| O|  |TAMS 0x000000070ea00000| PB 0x000000070ea00000| Untracked 
| 109|0x000000070ec00000, 0x000000070edfffe0, 0x000000070ee00000| 99%| O|  |TAMS 0x000000070ec00000| PB 0x000000070ec00000| Untracked 
| 110|0x000000070ee00000, 0x000000070f000000, 0x000000070f000000|100%| O|  |TAMS 0x000000070ee00000| PB 0x000000070ee00000| Untracked 
| 111|0x000000070f000000, 0x000000070f1fffe8, 0x000000070f200000| 99%| O|  |TAMS 0x000000070f000000| PB 0x000000070f000000| Untracked 
| 112|0x000000070f200000, 0x000000070f3ffff0, 0x000000070f400000| 99%| O|  |TAMS 0x000000070f200000| PB 0x000000070f200000| Untracked 
| 113|0x000000070f400000, 0x000000070f5f99a0, 0x000000070f600000| 98%| O|  |TAMS 0x000000070f400000| PB 0x000000070f400000| Untracked 
| 114|0x000000070f600000, 0x000000070f7ffff0, 0x000000070f800000| 99%| O|  |TAMS 0x000000070f600000| PB 0x000000070f600000| Untracked 
| 115|0x000000070f800000, 0x000000070f9fdfa8, 0x000000070fa00000| 99%| O|  |TAMS 0x000000070f800000| PB 0x000000070f800000| Untracked 
| 116|0x000000070fa00000, 0x000000070fbffff0, 0x000000070fc00000| 99%| O|  |TAMS 0x000000070fa00000| PB 0x000000070fa00000| Untracked 
| 117|0x000000070fc00000, 0x000000070fdfffe8, 0x000000070fe00000| 99%| O|  |TAMS 0x000000070fc00000| PB 0x000000070fc00000| Untracked 
| 118|0x000000070fe00000, 0x000000070fffffe0, 0x0000000710000000| 99%| O|  |TAMS 0x000000070fe00000| PB 0x000000070fe00000| Untracked 
| 119|0x0000000710000000, 0x00000007101fffd8, 0x0000000710200000| 99%| O|  |TAMS 0x0000000710000000| PB 0x0000000710000000| Untracked 
| 120|0x0000000710200000, 0x00000007103ffff8, 0x0000000710400000| 99%| O|  |TAMS 0x0000000710200000| PB 0x0000000710200000| Untracked 
| 121|0x0000000710400000, 0x0000000710600000, 0x0000000710600000|100%| O|  |TAMS 0x0000000710400000| PB 0x0000000710400000| Untracked 
| 122|0x0000000710600000, 0x00000007107fffe0, 0x0000000710800000| 99%| O|  |TAMS 0x0000000710600000| PB 0x0000000710600000| Untracked 
| 123|0x0000000710800000, 0x00000007109fffc8, 0x0000000710a00000| 99%| O|  |TAMS 0x0000000710800000| PB 0x0000000710800000| Untracked 
| 124|0x0000000710a00000, 0x0000000710bffff8, 0x0000000710c00000| 99%| O|  |TAMS 0x0000000710a00000| PB 0x0000000710a00000| Untracked 
| 125|0x0000000710c00000, 0x0000000710dfffc0, 0x0000000710e00000| 99%| O|  |TAMS 0x0000000710c00000| PB 0x0000000710c00000| Untracked 
| 126|0x0000000710e00000, 0x0000000710fffff0, 0x0000000711000000| 99%| O|  |TAMS 0x0000000710e00000| PB 0x0000000710e00000| Untracked 
| 127|0x0000000711000000, 0x00000007111ffff0, 0x0000000711200000| 99%| O|  |TAMS 0x0000000711000000| PB 0x0000000711000000| Untracked 
| 128|0x0000000711200000, 0x00000007113fffe8, 0x0000000711400000| 99%| O|  |TAMS 0x0000000711200000| PB 0x0000000711200000| Untracked 
| 129|0x0000000711400000, 0x00000007115ffff8, 0x0000000711600000| 99%| O|  |TAMS 0x0000000711400000| PB 0x0000000711400000| Untracked 
| 130|0x0000000711600000, 0x00000007117fffd8, 0x0000000711800000| 99%| O|  |TAMS 0x0000000711600000| PB 0x0000000711600000| Untracked 
| 131|0x0000000711800000, 0x00000007119d14c8, 0x0000000711a00000| 90%| O|  |TAMS 0x0000000711800000| PB 0x0000000711800000| Untracked 
| 132|0x0000000711a00000, 0x0000000711bffff0, 0x0000000711c00000| 99%| O|  |TAMS 0x0000000711a00000| PB 0x0000000711a00000| Untracked 
| 133|0x0000000711c00000, 0x0000000711dffff8, 0x0000000711e00000| 99%| O|  |TAMS 0x0000000711c00000| PB 0x0000000711c00000| Untracked 
| 134|0x0000000711e00000, 0x0000000711fffff8, 0x0000000712000000| 99%| O|  |TAMS 0x0000000711e00000| PB 0x0000000711e00000| Untracked 
| 135|0x0000000712000000, 0x00000007121f4038, 0x0000000712200000| 97%| O|  |TAMS 0x0000000712000000| PB 0x0000000712000000| Untracked 
| 136|0x0000000712200000, 0x00000007123ffff8, 0x0000000712400000| 99%| O|  |TAMS 0x0000000712200000| PB 0x0000000712200000| Untracked 
| 137|0x0000000712400000, 0x0000000712586928, 0x0000000712600000| 76%| O|  |TAMS 0x0000000712400000| PB 0x0000000712400000| Untracked 
| 138|0x0000000712600000, 0x00000007127d7000, 0x0000000712800000| 91%| O|  |TAMS 0x0000000712600000| PB 0x0000000712600000| Untracked 
| 139|0x0000000712800000, 0x00000007129ffff8, 0x0000000712a00000| 99%| O|  |TAMS 0x0000000712800000| PB 0x0000000712800000| Untracked 
| 140|0x0000000712a00000, 0x0000000712bfffe0, 0x0000000712c00000| 99%| O|  |TAMS 0x0000000712a00000| PB 0x0000000712a00000| Untracked 
| 141|0x0000000712c00000, 0x0000000712caafa0, 0x0000000712e00000| 33%| O|  |TAMS 0x0000000712c00000| PB 0x0000000712c00000| Untracked 
| 142|0x0000000712e00000, 0x0000000712fffff0, 0x0000000713000000| 99%| O|  |TAMS 0x0000000712e00000| PB 0x0000000712e00000| Untracked 
| 143|0x0000000713000000, 0x0000000713000000, 0x0000000713200000|  0%| F|  |TAMS 0x0000000713000000| PB 0x0000000713000000| Untracked 
| 144|0x0000000713200000, 0x00000007132c40e0, 0x0000000713400000| 38%| O|  |TAMS 0x0000000713200000| PB 0x0000000713200000| Untracked 
| 145|0x0000000713400000, 0x00000007135288b8, 0x0000000713600000| 57%| O|  |TAMS 0x0000000713400000| PB 0x0000000713400000| Untracked 
| 146|0x0000000713600000, 0x0000000713800000, 0x0000000713800000|100%| O|  |TAMS 0x0000000713600000| PB 0x0000000713600000| Untracked 
| 147|0x0000000713800000, 0x0000000713946b88, 0x0000000713a00000| 63%| O|  |TAMS 0x0000000713800000| PB 0x0000000713800000| Untracked 
| 148|0x0000000713a00000, 0x0000000713c00000, 0x0000000713c00000|100%| O|  |TAMS 0x0000000713a00000| PB 0x0000000713a00000| Untracked 
| 149|0x0000000713c00000, 0x0000000713e00000, 0x0000000713e00000|100%| O|  |TAMS 0x0000000713c00000| PB 0x0000000713c00000| Untracked 
| 150|0x0000000713e00000, 0x0000000714000000, 0x0000000714000000|100%| O|  |TAMS 0x0000000713e00000| PB 0x0000000713e00000| Untracked 
| 151|0x0000000714000000, 0x0000000714200000, 0x0000000714200000|100%| O|  |TAMS 0x0000000714000000| PB 0x0000000714000000| Untracked 
| 152|0x0000000714200000, 0x0000000714400000, 0x0000000714400000|100%| O|  |TAMS 0x0000000714200000| PB 0x0000000714200000| Untracked 
| 153|0x0000000714400000, 0x00000007144c3128, 0x0000000714600000| 38%| O|  |TAMS 0x0000000714400000| PB 0x0000000714400000| Untracked 
| 154|0x0000000714600000, 0x0000000714800000, 0x0000000714800000|100%| O|  |TAMS 0x0000000714600000| PB 0x0000000714600000| Untracked 
| 155|0x0000000714800000, 0x0000000714800000, 0x0000000714a00000|  0%| F|  |TAMS 0x0000000714800000| PB 0x0000000714800000| Untracked 
| 156|0x0000000714a00000, 0x0000000714c00000, 0x0000000714c00000|100%| O|  |TAMS 0x0000000714a00000| PB 0x0000000714a00000| Untracked 
| 157|0x0000000714c00000, 0x0000000714da2610, 0x0000000714e00000| 81%| O|  |TAMS 0x0000000714c00000| PB 0x0000000714c00000| Untracked 
| 158|0x0000000714e00000, 0x0000000714e00000, 0x0000000715000000|  0%| F|  |TAMS 0x0000000714e00000| PB 0x0000000714e00000| Untracked 
| 159|0x0000000715000000, 0x0000000715000000, 0x0000000715200000|  0%| F|  |TAMS 0x0000000715000000| PB 0x0000000715000000| Untracked 
| 160|0x0000000715200000, 0x0000000715200000, 0x0000000715400000|  0%| F|  |TAMS 0x0000000715200000| PB 0x0000000715200000| Untracked 
| 161|0x0000000715400000, 0x0000000715400000, 0x0000000715600000|  0%| F|  |TAMS 0x0000000715400000| PB 0x0000000715400000| Untracked 
| 162|0x0000000715600000, 0x0000000715600000, 0x0000000715800000|  0%| F|  |TAMS 0x0000000715600000| PB 0x0000000715600000| Untracked 
| 163|0x0000000715800000, 0x0000000715800000, 0x0000000715a00000|  0%| F|  |TAMS 0x0000000715800000| PB 0x0000000715800000| Untracked 
| 164|0x0000000715a00000, 0x0000000715a00000, 0x0000000715c00000|  0%| F|  |TAMS 0x0000000715a00000| PB 0x0000000715a00000| Untracked 
| 165|0x0000000715c00000, 0x0000000715c00000, 0x0000000715e00000|  0%| F|  |TAMS 0x0000000715c00000| PB 0x0000000715c00000| Untracked 
| 166|0x0000000715e00000, 0x0000000715e00000, 0x0000000716000000|  0%| F|  |TAMS 0x0000000715e00000| PB 0x0000000715e00000| Untracked 
| 167|0x0000000716000000, 0x0000000716000000, 0x0000000716200000|  0%| F|  |TAMS 0x0000000716000000| PB 0x0000000716000000| Untracked 
| 168|0x0000000716200000, 0x0000000716200000, 0x0000000716400000|  0%| F|  |TAMS 0x0000000716200000| PB 0x0000000716200000| Untracked 
| 169|0x0000000716400000, 0x0000000716400000, 0x0000000716600000|  0%| F|  |TAMS 0x0000000716400000| PB 0x0000000716400000| Untracked 
| 170|0x0000000716600000, 0x0000000716600000, 0x0000000716800000|  0%| F|  |TAMS 0x0000000716600000| PB 0x0000000716600000| Untracked 
| 171|0x0000000716800000, 0x0000000716998700, 0x0000000716a00000| 79%| S|CS|TAMS 0x0000000716800000| PB 0x0000000716800000| Complete 
| 172|0x0000000716a00000, 0x0000000716a00000, 0x0000000716c00000|  0%| F|  |TAMS 0x0000000716a00000| PB 0x0000000716a00000| Untracked 
| 173|0x0000000716c00000, 0x0000000716c00000, 0x0000000716e00000|  0%| F|  |TAMS 0x0000000716c00000| PB 0x0000000716c00000| Untracked 
| 174|0x0000000716e00000, 0x0000000716e00000, 0x0000000717000000|  0%| F|  |TAMS 0x0000000716e00000| PB 0x0000000716e00000| Untracked 
| 175|0x0000000717000000, 0x0000000717000000, 0x0000000717200000|  0%| F|  |TAMS 0x0000000717000000| PB 0x0000000717000000| Untracked 
| 176|0x0000000717200000, 0x0000000717200000, 0x0000000717400000|  0%| F|  |TAMS 0x0000000717200000| PB 0x0000000717200000| Untracked 
| 177|0x0000000717400000, 0x0000000717400000, 0x0000000717600000|  0%| F|  |TAMS 0x0000000717400000| PB 0x0000000717400000| Untracked 
| 178|0x0000000717600000, 0x0000000717800000, 0x0000000717800000|100%| S|CS|TAMS 0x0000000717600000| PB 0x0000000717600000| Complete 
| 179|0x0000000717800000, 0x0000000717a00000, 0x0000000717a00000|100%| S|CS|TAMS 0x0000000717800000| PB 0x0000000717800000| Complete 
| 180|0x0000000717a00000, 0x0000000717c00000, 0x0000000717c00000|100%| S|CS|TAMS 0x0000000717a00000| PB 0x0000000717a00000| Complete 
| 181|0x0000000717c00000, 0x0000000717e00000, 0x0000000717e00000|100%| S|CS|TAMS 0x0000000717c00000| PB 0x0000000717c00000| Complete 
| 182|0x0000000717e00000, 0x0000000718000000, 0x0000000718000000|100%| S|CS|TAMS 0x0000000717e00000| PB 0x0000000717e00000| Complete 
| 183|0x0000000718000000, 0x0000000718000000, 0x0000000718200000|  0%| F|  |TAMS 0x0000000718000000| PB 0x0000000718000000| Untracked 
| 184|0x0000000718200000, 0x0000000718200000, 0x0000000718400000|  0%| F|  |TAMS 0x0000000718200000| PB 0x0000000718200000| Untracked 
| 185|0x0000000718400000, 0x0000000718400000, 0x0000000718600000|  0%| F|  |TAMS 0x0000000718400000| PB 0x0000000718400000| Untracked 
| 186|0x0000000718600000, 0x0000000718600000, 0x0000000718800000|  0%| F|  |TAMS 0x0000000718600000| PB 0x0000000718600000| Untracked 
| 187|0x0000000718800000, 0x0000000718800000, 0x0000000718a00000|  0%| F|  |TAMS 0x0000000718800000| PB 0x0000000718800000| Untracked 
| 188|0x0000000718a00000, 0x0000000718a00000, 0x0000000718c00000|  0%| F|  |TAMS 0x0000000718a00000| PB 0x0000000718a00000| Untracked 
| 189|0x0000000718c00000, 0x0000000718c00000, 0x0000000718e00000|  0%| F|  |TAMS 0x0000000718c00000| PB 0x0000000718c00000| Untracked 
| 190|0x0000000718e00000, 0x0000000718e00000, 0x0000000719000000|  0%| F|  |TAMS 0x0000000718e00000| PB 0x0000000718e00000| Untracked 
| 191|0x0000000719000000, 0x0000000719000000, 0x0000000719200000|  0%| F|  |TAMS 0x0000000719000000| PB 0x0000000719000000| Untracked 
| 192|0x0000000719200000, 0x0000000719200000, 0x0000000719400000|  0%| F|  |TAMS 0x0000000719200000| PB 0x0000000719200000| Untracked 
| 193|0x0000000719400000, 0x0000000719400000, 0x0000000719600000|  0%| F|  |TAMS 0x0000000719400000| PB 0x0000000719400000| Untracked 
| 194|0x0000000719600000, 0x0000000719600000, 0x0000000719800000|  0%| F|  |TAMS 0x0000000719600000| PB 0x0000000719600000| Untracked 
| 195|0x0000000719800000, 0x0000000719800000, 0x0000000719a00000|  0%| F|  |TAMS 0x0000000719800000| PB 0x0000000719800000| Untracked 
| 196|0x0000000719a00000, 0x0000000719a00000, 0x0000000719c00000|  0%| F|  |TAMS 0x0000000719a00000| PB 0x0000000719a00000| Untracked 
| 197|0x0000000719c00000, 0x0000000719c00000, 0x0000000719e00000|  0%| F|  |TAMS 0x0000000719c00000| PB 0x0000000719c00000| Untracked 
| 198|0x0000000719e00000, 0x0000000719e00000, 0x000000071a000000|  0%| F|  |TAMS 0x0000000719e00000| PB 0x0000000719e00000| Untracked 
| 199|0x000000071a000000, 0x000000071a000000, 0x000000071a200000|  0%| F|  |TAMS 0x000000071a000000| PB 0x000000071a000000| Untracked 
| 200|0x000000071a200000, 0x000000071a200000, 0x000000071a400000|  0%| F|  |TAMS 0x000000071a200000| PB 0x000000071a200000| Untracked 
| 201|0x000000071a400000, 0x000000071a400000, 0x000000071a600000|  0%| F|  |TAMS 0x000000071a400000| PB 0x000000071a400000| Untracked 
| 202|0x000000071a600000, 0x000000071a600000, 0x000000071a800000|  0%| F|  |TAMS 0x000000071a600000| PB 0x000000071a600000| Untracked 
| 203|0x000000071a800000, 0x000000071a800000, 0x000000071aa00000|  0%| F|  |TAMS 0x000000071a800000| PB 0x000000071a800000| Untracked 
| 204|0x000000071aa00000, 0x000000071aa00000, 0x000000071ac00000|  0%| F|  |TAMS 0x000000071aa00000| PB 0x000000071aa00000| Untracked 
| 205|0x000000071ac00000, 0x000000071ac00000, 0x000000071ae00000|  0%| F|  |TAMS 0x000000071ac00000| PB 0x000000071ac00000| Untracked 
| 206|0x000000071ae00000, 0x000000071ae00000, 0x000000071b000000|  0%| F|  |TAMS 0x000000071ae00000| PB 0x000000071ae00000| Untracked 
| 207|0x000000071b000000, 0x000000071b000000, 0x000000071b200000|  0%| F|  |TAMS 0x000000071b000000| PB 0x000000071b000000| Untracked 
| 208|0x000000071b200000, 0x000000071b200000, 0x000000071b400000|  0%| F|  |TAMS 0x000000071b200000| PB 0x000000071b200000| Untracked 
| 209|0x000000071b400000, 0x000000071b400000, 0x000000071b600000|  0%| F|  |TAMS 0x000000071b400000| PB 0x000000071b400000| Untracked 
| 210|0x000000071b600000, 0x000000071b600000, 0x000000071b800000|  0%| F|  |TAMS 0x000000071b600000| PB 0x000000071b600000| Untracked 
| 211|0x000000071b800000, 0x000000071b800000, 0x000000071ba00000|  0%| F|  |TAMS 0x000000071b800000| PB 0x000000071b800000| Untracked 
| 212|0x000000071ba00000, 0x000000071ba00000, 0x000000071bc00000|  0%| F|  |TAMS 0x000000071ba00000| PB 0x000000071ba00000| Untracked 
| 213|0x000000071bc00000, 0x000000071bc00000, 0x000000071be00000|  0%| F|  |TAMS 0x000000071bc00000| PB 0x000000071bc00000| Untracked 
| 214|0x000000071be00000, 0x000000071be00000, 0x000000071c000000|  0%| F|  |TAMS 0x000000071be00000| PB 0x000000071be00000| Untracked 
| 215|0x000000071c000000, 0x000000071c000000, 0x000000071c200000|  0%| F|  |TAMS 0x000000071c000000| PB 0x000000071c000000| Untracked 
| 216|0x000000071c200000, 0x000000071c200000, 0x000000071c400000|  0%| F|  |TAMS 0x000000071c200000| PB 0x000000071c200000| Untracked 
| 217|0x000000071c400000, 0x000000071c400000, 0x000000071c600000|  0%| F|  |TAMS 0x000000071c400000| PB 0x000000071c400000| Untracked 
| 218|0x000000071c600000, 0x000000071c600000, 0x000000071c800000|  0%| F|  |TAMS 0x000000071c600000| PB 0x000000071c600000| Untracked 
| 219|0x000000071c800000, 0x000000071c871ec8, 0x000000071ca00000| 22%| E|  |TAMS 0x000000071c800000| PB 0x000000071c800000| Complete 
| 220|0x000000071ca00000, 0x000000071cc00000, 0x000000071cc00000|100%| E|CS|TAMS 0x000000071ca00000| PB 0x000000071ca00000| Complete 
| 221|0x000000071cc00000, 0x000000071ce00000, 0x000000071ce00000|100%| E|CS|TAMS 0x000000071cc00000| PB 0x000000071cc00000| Complete 
| 222|0x000000071ce00000, 0x000000071d000000, 0x000000071d000000|100%| E|CS|TAMS 0x000000071ce00000| PB 0x000000071ce00000| Complete 
| 223|0x000000071d000000, 0x000000071d200000, 0x000000071d200000|100%| E|CS|TAMS 0x000000071d000000| PB 0x000000071d000000| Complete 
| 224|0x000000071d200000, 0x000000071d400000, 0x000000071d400000|100%| E|CS|TAMS 0x000000071d200000| PB 0x000000071d200000| Complete 
| 225|0x000000071d400000, 0x000000071d600000, 0x000000071d600000|100%| E|CS|TAMS 0x000000071d400000| PB 0x000000071d400000| Complete 
| 226|0x000000071d600000, 0x000000071d800000, 0x000000071d800000|100%| E|CS|TAMS 0x000000071d600000| PB 0x000000071d600000| Complete 
| 227|0x000000071d800000, 0x000000071da00000, 0x000000071da00000|100%| E|CS|TAMS 0x000000071d800000| PB 0x000000071d800000| Complete 
| 228|0x000000071da00000, 0x000000071dc00000, 0x000000071dc00000|100%| E|CS|TAMS 0x000000071da00000| PB 0x000000071da00000| Complete 
| 229|0x000000071dc00000, 0x000000071de00000, 0x000000071de00000|100%| E|CS|TAMS 0x000000071dc00000| PB 0x000000071dc00000| Complete 
| 230|0x000000071de00000, 0x000000071e000000, 0x000000071e000000|100%| E|CS|TAMS 0x000000071de00000| PB 0x000000071de00000| Complete 
| 231|0x000000071e000000, 0x000000071e200000, 0x000000071e200000|100%| E|CS|TAMS 0x000000071e000000| PB 0x000000071e000000| Complete 
| 232|0x000000071e200000, 0x000000071e400000, 0x000000071e400000|100%| E|CS|TAMS 0x000000071e200000| PB 0x000000071e200000| Complete 
| 233|0x000000071e400000, 0x000000071e600000, 0x000000071e600000|100%| E|CS|TAMS 0x000000071e400000| PB 0x000000071e400000| Complete 
| 234|0x000000071e600000, 0x000000071e800000, 0x000000071e800000|100%| E|CS|TAMS 0x000000071e600000| PB 0x000000071e600000| Complete 
| 235|0x000000071e800000, 0x000000071ea00000, 0x000000071ea00000|100%| E|CS|TAMS 0x000000071e800000| PB 0x000000071e800000| Complete 
| 236|0x000000071ea00000, 0x000000071ec00000, 0x000000071ec00000|100%| E|CS|TAMS 0x000000071ea00000| PB 0x000000071ea00000| Complete 
| 237|0x000000071ec00000, 0x000000071ee00000, 0x000000071ee00000|100%| E|CS|TAMS 0x000000071ec00000| PB 0x000000071ec00000| Complete 
| 238|0x000000071ee00000, 0x000000071f000000, 0x000000071f000000|100%| E|CS|TAMS 0x000000071ee00000| PB 0x000000071ee00000| Complete 
| 239|0x000000071f000000, 0x000000071f200000, 0x000000071f200000|100%| E|CS|TAMS 0x000000071f000000| PB 0x000000071f000000| Complete 
| 240|0x000000071f200000, 0x000000071f400000, 0x000000071f400000|100%| E|CS|TAMS 0x000000071f200000| PB 0x000000071f200000| Complete 
| 241|0x000000071f400000, 0x000000071f600000, 0x000000071f600000|100%| E|CS|TAMS 0x000000071f400000| PB 0x000000071f400000| Complete 
| 242|0x000000071f600000, 0x000000071f800000, 0x000000071f800000|100%| E|CS|TAMS 0x000000071f600000| PB 0x000000071f600000| Complete 
| 243|0x000000071f800000, 0x000000071fa00000, 0x000000071fa00000|100%| E|CS|TAMS 0x000000071f800000| PB 0x000000071f800000| Complete 
| 244|0x000000071fa00000, 0x000000071fc00000, 0x000000071fc00000|100%| E|CS|TAMS 0x000000071fa00000| PB 0x000000071fa00000| Complete 
| 245|0x000000071fc00000, 0x000000071fe00000, 0x000000071fe00000|100%| E|CS|TAMS 0x000000071fc00000| PB 0x000000071fc00000| Complete 
| 246|0x000000071fe00000, 0x0000000720000000, 0x0000000720000000|100%| E|CS|TAMS 0x000000071fe00000| PB 0x000000071fe00000| Complete 
| 247|0x0000000720000000, 0x0000000720200000, 0x0000000720200000|100%| E|CS|TAMS 0x0000000720000000| PB 0x0000000720000000| Complete 
| 248|0x0000000720200000, 0x0000000720400000, 0x0000000720400000|100%| E|CS|TAMS 0x0000000720200000| PB 0x0000000720200000| Complete 
| 249|0x0000000720400000, 0x0000000720600000, 0x0000000720600000|100%| E|CS|TAMS 0x0000000720400000| PB 0x0000000720400000| Complete 
| 250|0x0000000720600000, 0x0000000720800000, 0x0000000720800000|100%| E|CS|TAMS 0x0000000720600000| PB 0x0000000720600000| Complete 
| 251|0x0000000720800000, 0x0000000720a00000, 0x0000000720a00000|100%| E|CS|TAMS 0x0000000720800000| PB 0x0000000720800000| Complete 
| 252|0x0000000720a00000, 0x0000000720c00000, 0x0000000720c00000|100%| E|CS|TAMS 0x0000000720a00000| PB 0x0000000720a00000| Complete 
| 253|0x0000000720c00000, 0x0000000720e00000, 0x0000000720e00000|100%| E|CS|TAMS 0x0000000720c00000| PB 0x0000000720c00000| Complete 
| 254|0x0000000720e00000, 0x0000000721000000, 0x0000000721000000|100%| E|CS|TAMS 0x0000000720e00000| PB 0x0000000720e00000| Complete 
| 255|0x0000000721000000, 0x0000000721200000, 0x0000000721200000|100%| E|CS|TAMS 0x0000000721000000| PB 0x0000000721000000| Complete 
| 256|0x0000000721200000, 0x0000000721400000, 0x0000000721400000|100%| E|CS|TAMS 0x0000000721200000| PB 0x0000000721200000| Complete 
| 257|0x0000000721400000, 0x0000000721600000, 0x0000000721600000|100%| E|CS|TAMS 0x0000000721400000| PB 0x0000000721400000| Complete 
| 258|0x0000000721600000, 0x0000000721800000, 0x0000000721800000|100%| E|CS|TAMS 0x0000000721600000| PB 0x0000000721600000| Complete 
| 259|0x0000000721800000, 0x0000000721a00000, 0x0000000721a00000|100%| E|CS|TAMS 0x0000000721800000| PB 0x0000000721800000| Complete 
| 260|0x0000000721a00000, 0x0000000721c00000, 0x0000000721c00000|100%| E|CS|TAMS 0x0000000721a00000| PB 0x0000000721a00000| Complete 
| 261|0x0000000721c00000, 0x0000000721e00000, 0x0000000721e00000|100%| E|CS|TAMS 0x0000000721c00000| PB 0x0000000721c00000| Complete 
| 262|0x0000000721e00000, 0x0000000722000000, 0x0000000722000000|100%| E|CS|TAMS 0x0000000721e00000| PB 0x0000000721e00000| Complete 
| 263|0x0000000722000000, 0x0000000722200000, 0x0000000722200000|100%| E|CS|TAMS 0x0000000722000000| PB 0x0000000722000000| Complete 
| 264|0x0000000722200000, 0x0000000722400000, 0x0000000722400000|100%| E|CS|TAMS 0x0000000722200000| PB 0x0000000722200000| Complete 
| 265|0x0000000722400000, 0x0000000722600000, 0x0000000722600000|100%| E|  |TAMS 0x0000000722400000| PB 0x0000000722400000| Complete 
| 266|0x0000000722600000, 0x0000000722800000, 0x0000000722800000|100%| E|CS|TAMS 0x0000000722600000| PB 0x0000000722600000| Complete 
| 267|0x0000000722800000, 0x0000000722a00000, 0x0000000722a00000|100%| E|CS|TAMS 0x0000000722800000| PB 0x0000000722800000| Complete 
| 268|0x0000000722a00000, 0x0000000722c00000, 0x0000000722c00000|100%| E|CS|TAMS 0x0000000722a00000| PB 0x0000000722a00000| Complete 
| 269|0x0000000722c00000, 0x0000000722e00000, 0x0000000722e00000|100%| E|CS|TAMS 0x0000000722c00000| PB 0x0000000722c00000| Complete 
| 270|0x0000000722e00000, 0x0000000723000000, 0x0000000723000000|100%| E|CS|TAMS 0x0000000722e00000| PB 0x0000000722e00000| Complete 
| 271|0x0000000723000000, 0x0000000723200000, 0x0000000723200000|100%| E|CS|TAMS 0x0000000723000000| PB 0x0000000723000000| Complete 

Card table byte_map: [0x0000023112fa0000,0x00000231137a0000] _byte_map_base: 0x000002310f797000

Marking Bits: (CMBitMap*) 0x000002317f5cf030
 Bits: [0x00000231137a0000, 0x0000023117758000)

Polling page: 0x000002317dd10000

Metaspace:

Usage:
  Non-class:    153.75 MB used.
      Class:     18.09 MB used.
       Both:    171.84 MB used.

Virtual space:
  Non-class space:      192.00 MB reserved,     154.56 MB ( 81%) committed,  3 nodes.
      Class space:        1.00 GB reserved,      18.94 MB (  2%) committed,  1 nodes.
             Both:        1.19 GB reserved,     173.50 MB ( 14%) committed. 

Chunk freelists:
   Non-Class:  5.01 MB
       Class:  13.14 MB
        Both:  18.15 MB

MaxMetaspaceSize: unlimited
CompressedClassSpaceSize: 1.00 GB
Initial GC threshold: 21.00 MB
Current GC threshold: 289.06 MB
CDS: on
 - commit_granule_bytes: 65536.
 - commit_granule_words: 8192.
 - virtual_space_node_default_size: 8388608.
 - enlarge_chunks_in_place: 1.
 - use_allocation_guard: 0.


Internal statistics:

num_allocs_failed_limit: 9.
num_arena_births: 3698.
num_arena_deaths: 1110.
num_vsnodes_births: 4.
num_vsnodes_deaths: 0.
num_space_committed: 2776.
num_space_uncommitted: 0.
num_chunks_returned_to_freelist: 1507.
num_chunks_taken_from_freelist: 12742.
num_chunk_merges: 376.
num_chunk_splits: 7526.
num_chunks_enlarged: 4875.
num_inconsistent_stats: 0.

CodeHeap 'non-profiled nmethods': size=119168Kb used=22746Kb max_used=22746Kb free=96421Kb
 bounds [0x000002310acd0000, 0x000002310c310000, 0x0000023112130000]
CodeHeap 'profiled nmethods': size=119104Kb used=42063Kb max_used=42063Kb free=77040Kb
 bounds [0x0000023103130000, 0x0000023105a50000, 0x000002310a580000]
CodeHeap 'non-nmethods': size=7488Kb used=1835Kb max_used=3642Kb free=5652Kb
 bounds [0x000002310a580000, 0x000002310a980000, 0x000002310acd0000]
CodeCache: size=245760Kb, used=66644Kb, max_used=68451Kb, free=179113Kb
 total_blobs=18430, nmethods=17604, adapters=728, full_count=0
Compilation: enabled, stopped_count=0, restarted_count=0

Compilation events (20 events):
Event: 4694.402 Thread 0x0000023117a197b0 59862   !   4       org.hibernate.resource.jdbc.internal.LogicalConnectionManagedImpl::close (64 bytes)
Event: 4694.412 Thread 0x0000023117a1e8b0 nmethod 59839 0x000002310c2e9d10 code [0x000002310c2ea3e0, 0x000002310c2ecc78]
Event: 4694.412 Thread 0x0000023117a1e8b0 59852       4       io.micrometer.core.instrument.Meter$Id::equals (63 bytes)
Event: 4694.417 Thread 0x0000023117a1e8b0 nmethod 59852 0x000002310c2eee90 code [0x000002310c2ef060, 0x000002310c2ef7d0]
Event: 4694.417 Thread 0x0000023117a1e8b0 59840   !   4       org.springframework.util.function.SingletonSupplier::get (96 bytes)
Event: 4694.421 Thread 0x0000023117a1e8b0 nmethod 59840 0x000002310c2efb90 code [0x000002310c2efda0, 0x000002310c2f0480]
Event: 4694.421 Thread 0x0000023117a1e8b0 59864   !   4       com.zaxxer.hikari.pool.HikariProxyResultSet::next (17 bytes)
Event: 4694.430 Thread 0x0000023117a197b0 nmethod 59862 0x000002310c2f0890 code [0x000002310c2f0e60, 0x000002310c2f3130]
Event: 4694.430 Thread 0x0000023117a197b0 59866       4       org.hibernate.sql.results.graph.collection.internal.AbstractCollectionInitializer::resolveInstance (289 bytes)
Event: 4694.431 Thread 0x0000023117a1e8b0 nmethod 59864 0x000002310c2f4d90 code [0x000002310c2f50a0, 0x000002310c2f5e78]
Event: 4694.451 Thread 0x0000023117a1c6a0 nmethod 59860 0x000002310c2f6a10 code [0x000002310c2f72c0, 0x000002310c2fb308]
Event: 4694.509 Thread 0x0000023117a197b0 nmethod 59866 0x000002310c2fe990 code [0x000002310c2fef60, 0x000002310c303d10]
Event: 4699.391 Thread 0x0000023117a1db10 59868   !   3       java.util.concurrent.ConcurrentHashMap::replaceNode (437 bytes)
Event: 4699.392 Thread 0x0000023117a1db10 nmethod 59868 0x0000023105a43410 code [0x0000023105a43760, 0x0000023105a44e28]
Event: 4729.611 Thread 0x0000023117a1f650 59869   !   3       org.apache.tomcat.util.net.NioEndpoint$Poller::events (266 bytes)
Event: 4729.612 Thread 0x0000023117a1f650 nmethod 59869 0x0000023105a45910 code [0x0000023105a45cc0, 0x0000023105a47690]
Event: 4729.612 Thread 0x0000023117a1f650 59870  s    3       org.apache.tomcat.util.collections.SynchronizedQueue::size (23 bytes)
Event: 4729.612 Thread 0x0000023117a1f650 nmethod 59870 0x0000023105a48110 code [0x0000023105a482c0, 0x0000023105a484d0]
Event: 4751.159 Thread 0x0000023117a197b0 59871       4       java.util.concurrent.atomic.AtomicInteger::addAndGet (14 bytes)
Event: 4751.159 Thread 0x0000023117a197b0 nmethod 59871 0x000002310c306690 code [0x000002310c306820, 0x000002310c3068b8]

GC Heap History (20 events):
Event: 4207.979 GC heap after
{Heap after GC invocations=211 (full 16):
 garbage-first heap   total 509952K, used 300900K [0x0000000701200000, 0x0000000800000000)
  region size 2048K, 4 young (8192K), 4 survivors (8192K)
 Metaspace       used 169557K, committed 171136K, reserved 1245184K
  class space    used 18117K, committed 18880K, reserved 1048576K
}
Event: 4208.300 GC heap before
{Heap before GC invocations=211 (full 16):
 garbage-first heap   total 509952K, used 462692K [0x0000000701200000, 0x0000000800000000)
  region size 2048K, 83 young (169984K), 4 survivors (8192K)
 Metaspace       used 170653K, committed 172224K, reserved 1245184K
  class space    used 18183K, committed 18944K, reserved 1048576K
}
Event: 4208.304 GC heap after
{Heap after GC invocations=212 (full 16):
 garbage-first heap   total 509952K, used 305572K [0x0000000701200000, 0x0000000800000000)
  region size 2048K, 6 young (12288K), 6 survivors (12288K)
 Metaspace       used 170653K, committed 172224K, reserved 1245184K
  class space    used 18183K, committed 18944K, reserved 1048576K
}
Event: 4228.830 GC heap before
{Heap before GC invocations=212 (full 16):
 garbage-first heap   total 509952K, used 440740K [0x0000000701200000, 0x0000000800000000)
  region size 2048K, 73 young (149504K), 6 survivors (12288K)
 Metaspace       used 171004K, committed 172608K, reserved 1245184K
  class space    used 18219K, committed 19008K, reserved 1048576K
}
Event: 4228.945 GC heap after
{Heap after GC invocations=213 (full 17):
 garbage-first heap   total 512000K, used 295999K [0x0000000701200000, 0x0000000800000000)
  region size 2048K, 0 young (0K), 0 survivors (0K)
 Metaspace       used 170937K, committed 172608K, reserved 1245184K
  class space    used 18208K, committed 19008K, reserved 1048576K
}
Event: 4229.670 GC heap before
{Heap before GC invocations=213 (full 17):
 garbage-first heap   total 512000K, used 474175K [0x0000000701200000, 0x0000000800000000)
  region size 2048K, 87 young (178176K), 0 survivors (0K)
 Metaspace       used 172383K, committed 173888K, reserved 1245184K
  class space    used 18324K, committed 19072K, reserved 1048576K
}
Event: 4229.675 GC heap after
{Heap after GC invocations=214 (full 17):
 garbage-first heap   total 512000K, used 309370K [0x0000000701200000, 0x0000000800000000)
  region size 2048K, 7 young (14336K), 7 survivors (14336K)
 Metaspace       used 172383K, committed 173888K, reserved 1245184K
  class space    used 18324K, committed 19072K, reserved 1048576K
}
Event: 4229.981 GC heap before
{Heap before GC invocations=215 (full 17):
 garbage-first heap   total 536576K, used 456826K [0x0000000701200000, 0x0000000800000000)
  region size 2048K, 79 young (161792K), 7 survivors (14336K)
 Metaspace       used 172835K, committed 174400K, reserved 1245184K
  class space    used 18349K, committed 19136K, reserved 1048576K
}
Event: 4229.985 GC heap after
{Heap after GC invocations=216 (full 17):
 garbage-first heap   total 536576K, used 314009K [0x0000000701200000, 0x0000000800000000)
  region size 2048K, 3 young (6144K), 3 survivors (6144K)
 Metaspace       used 172835K, committed 174400K, reserved 1245184K
  class space    used 18349K, committed 19136K, reserved 1048576K
}
Event: 4230.325 GC heap before
{Heap before GC invocations=216 (full 17):
 garbage-first heap   total 536576K, used 490137K [0x0000000701200000, 0x0000000800000000)
  region size 2048K, 89 young (182272K), 3 survivors (6144K)
 Metaspace       used 173957K, committed 175616K, reserved 1245184K
  class space    used 18414K, committed 19200K, reserved 1048576K
}
Event: 4230.329 GC heap after
{Heap after GC invocations=217 (full 17):
 garbage-first heap   total 536576K, used 320064K [0x0000000701200000, 0x0000000800000000)
  region size 2048K, 6 young (12288K), 6 survivors (12288K)
 Metaspace       used 173957K, committed 175616K, reserved 1245184K
  class space    used 18414K, committed 19200K, reserved 1048576K
}
Event: 4262.023 GC heap before
{Heap before GC invocations=217 (full 17):
 garbage-first heap   total 536576K, used 485952K [0x0000000701200000, 0x0000000800000000)
  region size 2048K, 87 young (178176K), 6 survivors (12288K)
 Metaspace       used 174429K, committed 176128K, reserved 1245184K
  class space    used 18456K, committed 19264K, reserved 1048576K
}
Event: 4262.028 GC heap after
{Heap after GC invocations=218 (full 17):
 garbage-first heap   total 536576K, used 324263K [0x0000000701200000, 0x0000000800000000)
  region size 2048K, 8 young (16384K), 8 survivors (16384K)
 Metaspace       used 174429K, committed 176128K, reserved 1245184K
  class space    used 18456K, committed 19264K, reserved 1048576K
}
Event: 4381.413 GC heap before
{Heap before GC invocations=219 (full 17):
 garbage-first heap   total 557056K, used 479911K [0x0000000701200000, 0x0000000800000000)
  region size 2048K, 84 young (172032K), 8 survivors (16384K)
 Metaspace       used 174990K, committed 176576K, reserved 1245184K
  class space    used 18491K, committed 19264K, reserved 1048576K
}
Event: 4381.417 GC heap after
{Heap after GC invocations=220 (full 17):
 garbage-first heap   total 557056K, used 325102K [0x0000000701200000, 0x0000000800000000)
  region size 2048K, 6 young (12288K), 6 survivors (12288K)
 Metaspace       used 174990K, committed 176576K, reserved 1245184K
  class space    used 18491K, committed 19264K, reserved 1048576K
}
Event: 4518.006 GC heap before
{Heap before GC invocations=220 (full 17):
 garbage-first heap   total 557056K, used 505326K [0x0000000701200000, 0x0000000800000000)
  region size 2048K, 94 young (192512K), 6 survivors (12288K)
 Metaspace       used 175659K, committed 177344K, reserved 1245184K
  class space    used 18527K, committed 19328K, reserved 1048576K
}
Event: 4518.010 GC heap after
{Heap after GC invocations=221 (full 17):
 garbage-first heap   total 557056K, used 324385K [0x0000000701200000, 0x0000000800000000)
  region size 2048K, 6 young (12288K), 6 survivors (12288K)
 Metaspace       used 175659K, committed 177344K, reserved 1245184K
  class space    used 18527K, committed 19328K, reserved 1048576K
}
Event: 4679.380 GC heap before
{Heap before GC invocations=221 (full 17):
 garbage-first heap   total 557056K, used 504609K [0x0000000701200000, 0x0000000800000000)
  region size 2048K, 95 young (194560K), 6 survivors (12288K)
 Metaspace       used 175868K, committed 177600K, reserved 1245184K
  class space    used 18535K, committed 19392K, reserved 1048576K
}
Event: 4679.383 GC heap after
{Heap after GC invocations=222 (full 17):
 garbage-first heap   total 557056K, used 324329K [0x0000000701200000, 0x0000000800000000)
  region size 2048K, 6 young (12288K), 6 survivors (12288K)
 Metaspace       used 175868K, committed 177600K, reserved 1245184K
  class space    used 18535K, committed 19392K, reserved 1048576K
}
Event: 4751.161 GC heap before
{Heap before GC invocations=223 (full 17):
 garbage-first heap   total 557056K, used 428777K [0x0000000701200000, 0x0000000800000000)
  region size 2048K, 59 young (120832K), 6 survivors (12288K)
 Metaspace       used 175962K, committed 177664K, reserved 1245184K
  class space    used 18524K, committed 19392K, reserved 1048576K
}

Dll operation events (11 events):
Event: 0.005 Loaded shared library C:\Users\vitor\.windsurf\extensions\redhat.java-1.46.0-win32-x64\jre\21.0.8-win32-x86_64\bin\java.dll
Event: 0.022 Loaded shared library C:\Users\vitor\.windsurf\extensions\redhat.java-1.46.0-win32-x64\jre\21.0.8-win32-x86_64\bin\zip.dll
Event: 0.075 Loaded shared library C:\Users\vitor\.windsurf\extensions\redhat.java-1.46.0-win32-x64\jre\21.0.8-win32-x86_64\bin\net.dll
Event: 0.076 Loaded shared library C:\Users\vitor\.windsurf\extensions\redhat.java-1.46.0-win32-x64\jre\21.0.8-win32-x86_64\bin\nio.dll
Event: 0.077 Loaded shared library C:\Users\vitor\.windsurf\extensions\redhat.java-1.46.0-win32-x64\jre\21.0.8-win32-x86_64\bin\zip.dll
Event: 0.136 Loaded shared library C:\Users\vitor\.windsurf\extensions\redhat.java-1.46.0-win32-x64\jre\21.0.8-win32-x86_64\bin\verify.dll
Event: 0.141 Loaded shared library C:\Users\vitor\.windsurf\extensions\redhat.java-1.46.0-win32-x64\jre\21.0.8-win32-x86_64\bin\jimage.dll
Event: 0.356 Loaded shared library C:\Users\vitor\.windsurf\extensions\redhat.java-1.46.0-win32-x64\jre\21.0.8-win32-x86_64\bin\management.dll
Event: 0.359 Loaded shared library C:\Users\vitor\.windsurf\extensions\redhat.java-1.46.0-win32-x64\jre\21.0.8-win32-x86_64\bin\management_ext.dll
Event: 1.043 Loaded shared library C:\Users\vitor\.windsurf\extensions\redhat.java-1.46.0-win32-x64\jre\21.0.8-win32-x86_64\bin\sunmscapi.dll
Event: 7.354 Loaded shared library C:\Users\vitor\.windsurf\extensions\redhat.java-1.46.0-win32-x64\jre\21.0.8-win32-x86_64\bin\extnet.dll

Deoptimization events (20 events):
Event: 4518.046 Thread 0x0000023164f2b680 DEOPT PACKING pc=0x000002310c277b9c sp=0x000000a553ef9710
Event: 4518.046 Thread 0x0000023164f2b680 DEOPT UNPACKING pc=0x000002310a5d46a2 sp=0x000000a553ef96c0 mode 2
Event: 4518.046 Thread 0x0000023164f2b680 Uncommon trap: trap_request=0xffffffd6 fr.pc=0x000002310c277b9c relative=0x000000000000071c
Event: 4518.046 Thread 0x0000023164f2b680 Uncommon trap: reason=array_check action=maybe_recompile pc=0x000002310c277b9c method=io.micrometer.common.KeyValues.dedup()V @ 99 c2
Event: 4518.046 Thread 0x0000023164f2b680 DEOPT PACKING pc=0x000002310c277b9c sp=0x000000a553ef9310
Event: 4518.046 Thread 0x0000023164f2b680 DEOPT UNPACKING pc=0x000002310a5d46a2 sp=0x000000a553ef92c0 mode 2
Event: 4687.387 Thread 0x00000231651366b0 DEOPT PACKING pc=0x00000231058a4550 sp=0x000000a5539f9e60
Event: 4687.387 Thread 0x00000231651366b0 DEOPT UNPACKING pc=0x000002310a5d4e42 sp=0x000000a5539f9270 mode 0
Event: 4687.392 Thread 0x0000023164f295b0 Uncommon trap: trap_request=0xffffff45 fr.pc=0x000002310bce6ea0 relative=0x0000000000000460
Event: 4687.392 Thread 0x0000023164f295b0 Uncommon trap: reason=unstable_if action=reinterpret pc=0x000002310bce6ea0 method=org.apache.tomcat.util.collections.SynchronizedQueue.size()I @ 11 c2
Event: 4687.392 Thread 0x0000023164f295b0 DEOPT PACKING pc=0x000002310bce6ea0 sp=0x000000a5541ff430
Event: 4687.392 Thread 0x0000023164f295b0 DEOPT UNPACKING pc=0x000002310a5d46a2 sp=0x000000a5541ff348 mode 2
Event: 4693.799 Thread 0x0000023165137a60 Uncommon trap: trap_request=0xffffff6e fr.pc=0x000002310c2d9760 relative=0x00000000000002e0
Event: 4693.799 Thread 0x0000023165137a60 Uncommon trap: reason=loop_limit_check action=maybe_recompile pc=0x000002310c2d9760 method=org.hibernate.internal.util.collections.StandardStack.findCurrentFirstWithParameter(Ljava/lang/Object;Ljava/util/function/BiFunction;)Ljava/lang/Object; @ 8 c2
Event: 4693.799 Thread 0x0000023165137a60 DEOPT PACKING pc=0x000002310c2d9760 sp=0x000000a553bf4f00
Event: 4693.799 Thread 0x0000023165137a60 DEOPT UNPACKING pc=0x000002310a5d46a2 sp=0x000000a553bf4e98 mode 2
Event: 4698.379 Thread 0x0000023165137a60 Uncommon trap: trap_request=0xffffff45 fr.pc=0x000002310ada77fc relative=0x000000000000049c
Event: 4698.379 Thread 0x0000023165137a60 Uncommon trap: reason=unstable_if action=reinterpret pc=0x000002310ada77fc method=java.util.concurrent.ConcurrentHashMap.addCount(JI)V @ 97 c2
Event: 4698.379 Thread 0x0000023165137a60 DEOPT PACKING pc=0x000002310ada77fc sp=0x000000a553bfecc0
Event: 4698.379 Thread 0x0000023165137a60 DEOPT UNPACKING pc=0x000002310a5d46a2 sp=0x000000a553bfeb88 mode 2

Classes loaded (20 events):
Event: 2804.130 Loading class sun/net/www/protocol/http/ntlm/NTLMAuthenticationCallback
Event: 2804.130 Loading class sun/net/www/protocol/http/ntlm/NTLMAuthenticationCallback done
Event: 2804.130 Loading class sun/net/www/protocol/http/ntlm/NTLMAuthentication$1
Event: 2804.130 Loading class sun/net/www/protocol/http/ntlm/NTLMAuthentication$1 done
Event: 2804.130 Loading class sun/net/www/protocol/http/ntlm/NTLMAuthentication$TransparentAuth
Event: 2804.130 Loading class sun/net/www/protocol/http/ntlm/NTLMAuthentication$TransparentAuth done
Event: 2804.133 Loading class java/net/PasswordAuthentication
Event: 2804.133 Loading class java/net/PasswordAuthentication done
Event: 2804.134 Loading class sun/net/www/protocol/http/HttpURLConnection$10
Event: 2804.134 Loading class sun/net/www/protocol/http/HttpURLConnection$10 done
Event: 3235.584 Loading class sun/nio/cs/Surrogate$Parser
Event: 3235.586 Loading class sun/nio/cs/Surrogate$Parser done
Event: 3235.586 Loading class sun/nio/cs/Surrogate
Event: 3235.586 Loading class sun/nio/cs/Surrogate done
Event: 3282.902 Loading class sun/security/ssl/PreSharedKeyExtension$SHPreSharedKeySpec
Event: 3282.902 Loading class sun/security/ssl/PreSharedKeyExtension$SHPreSharedKeySpec done
Event: 4381.371 Loading class java/util/concurrent/locks/ReentrantReadWriteLock$Sync$HoldCounter
Event: 4381.373 Loading class java/util/concurrent/locks/ReentrantReadWriteLock$Sync$HoldCounter done
Event: 4381.398 Loading class java/util/function/LongSupplier
Event: 4381.398 Loading class java/util/function/LongSupplier done

Classes unloaded (20 events):
Event: 4679.531 Thread 0x00000231179cfe50 Unloading class 0x000002311ce15000 'java/lang/invoke/LambdaForm$MH+0x000002311ce15000'
Event: 4679.531 Thread 0x00000231179cfe50 Unloading class 0x000002311ce14c00 'java/lang/invoke/LambdaForm$MH+0x000002311ce14c00'
Event: 4679.531 Thread 0x00000231179cfe50 Unloading class 0x000002311ce14800 'java/lang/invoke/LambdaForm$MH+0x000002311ce14800'
Event: 4679.531 Thread 0x00000231179cfe50 Unloading class 0x000002311ce14400 'java/lang/invoke/LambdaForm$MH+0x000002311ce14400'
Event: 4679.531 Thread 0x00000231179cfe50 Unloading class 0x000002311ce0a000 'java/lang/invoke/LambdaForm$MH+0x000002311ce0a000'
Event: 4679.531 Thread 0x00000231179cfe50 Unloading class 0x000002311ce09c00 'java/lang/invoke/LambdaForm$MH+0x000002311ce09c00'
Event: 4679.531 Thread 0x00000231179cfe50 Unloading class 0x000002311ce09800 'java/lang/invoke/LambdaForm$MH+0x000002311ce09800'
Event: 4679.531 Thread 0x00000231179cfe50 Unloading class 0x000002311ce09400 'java/lang/invoke/LambdaForm$MH+0x000002311ce09400'
Event: 4679.531 Thread 0x00000231179cfe50 Unloading class 0x000002311ce09000 'java/lang/invoke/LambdaForm$MH+0x000002311ce09000'
Event: 4679.531 Thread 0x00000231179cfe50 Unloading class 0x000002311ce08c00 'java/lang/invoke/LambdaForm$MH+0x000002311ce08c00'
Event: 4679.531 Thread 0x00000231179cfe50 Unloading class 0x000002311ce03800 'java/lang/invoke/LambdaForm$MH+0x000002311ce03800'
Event: 4679.531 Thread 0x00000231179cfe50 Unloading class 0x000002311ce03400 'java/lang/invoke/LambdaForm$MH+0x000002311ce03400'
Event: 4679.531 Thread 0x00000231179cfe50 Unloading class 0x000002311cdfdc00 'java/lang/invoke/LambdaForm$MH+0x000002311cdfdc00'
Event: 4679.531 Thread 0x00000231179cfe50 Unloading class 0x000002311cdfd800 'java/lang/invoke/LambdaForm$MH+0x000002311cdfd800'
Event: 4679.531 Thread 0x00000231179cfe50 Unloading class 0x000002311cdfd400 'java/lang/invoke/LambdaForm$MH+0x000002311cdfd400'
Event: 4679.531 Thread 0x00000231179cfe50 Unloading class 0x000002311cdfd000 'java/lang/invoke/LambdaForm$MH+0x000002311cdfd000'
Event: 4679.531 Thread 0x00000231179cfe50 Unloading class 0x000002311ce01000 'org/apache/catalina/loader/JdbcLeakPrevention'
Event: 4679.531 Thread 0x00000231179cfe50 Unloading class 0x000002311c4e1400 'java/lang/invoke/LambdaForm$MH+0x000002311c4e1400'
Event: 4679.531 Thread 0x00000231179cfe50 Unloading class 0x000002311c4e0c00 'java/lang/invoke/LambdaForm$MH+0x000002311c4e0c00'
Event: 4679.531 Thread 0x00000231179cfe50 Unloading class 0x000002311c4e0800 'java/lang/invoke/LambdaForm$MH+0x000002311c4e0800'

Classes redefined (0 events):
No events

Internal exceptions (20 events):
Event: 4207.257 Thread 0x00000231662a72f0 Exception <a 'java/lang/ArrayIndexOutOfBoundsException'{0x000000071bd51408}> (0x000000071bd51408) 
thrown [s\src\hotspot\share\runtime\sharedRuntime.cpp, line 625]
Event: 4207.336 Thread 0x00000231662a72f0 Exception <a 'java/io/FileNotFoundException'{0x000000071ad571d0}> (0x000000071ad571d0) 
thrown [s\src\hotspot\share\prims\jni.cpp, line 520]
Event: 4207.769 Thread 0x00000231662a72f0 Exception <a 'java/io/FileNotFoundException'{0x000000071ec05f98}> (0x000000071ec05f98) 
thrown [s\src\hotspot\share\prims\jni.cpp, line 520]
Event: 4207.780 Thread 0x00000231662a72f0 Implicit null exception at 0x000002310c065c22 to 0x000002310c067790
Event: 4207.969 Thread 0x00000231662a72f0 Implicit null exception at 0x000002310c0f43bd to 0x000002310c0f7e6c
Event: 4228.830 Thread 0x00000231662aced0 Exception <a 'java/lang/InterruptedException'{0x0000000717e00040}: sleep interrupted> (0x0000000717e00040) 
thrown [s\src\hotspot\share\prims\jvm.cpp, line 3074]
Event: 4228.953 Thread 0x00000231662aa0e0 Exception <a 'sun/nio/fs/WindowsException'{0x00000007204f7078}> (0x00000007204f7078) 
thrown [s\src\hotspot\share\prims\jni.cpp, line 520]
Event: 4229.048 Thread 0x00000231662aa770 Exception <a 'java/lang/NoClassDefFoundError'{0x000000071f257230}: org/glassfish/jersey/server/monitoring/ApplicationEventListener> (0x000000071f257230) 
thrown [s\src\hotspot\share\classfile\systemDictionary.cpp, line 301]
Event: 4229.317 Thread 0x00000231662aa0e0 Exception <a 'java/lang/NoClassDefFoundError'{0x000000071c006f28}: org/flywaydb/core/Flyway> (0x000000071c006f28) 
thrown [s\src\hotspot\share\oops\constantPool.cpp, line 873]
Event: 4229.317 Thread 0x00000231662aa0e0 Exception <a 'java/lang/NoClassDefFoundError'{0x000000071c007588}: liquibase/integration/spring/SpringLiquibase> (0x000000071c007588) 
thrown [s\src\hotspot\share\oops\constantPool.cpp, line 873]
Event: 4229.328 Thread 0x00000231662aa0e0 Exception <a 'java/lang/ArrayIndexOutOfBoundsException'{0x000000071be4fb90}> (0x000000071be4fb90) 
thrown [s\src\hotspot\share\runtime\sharedRuntime.cpp, line 625]
Event: 4229.328 Thread 0x00000231662aa0e0 Exception <a 'java/lang/ArrayIndexOutOfBoundsException'{0x000000071be50168}> (0x000000071be50168) 
thrown [s\src\hotspot\share\runtime\sharedRuntime.cpp, line 625]
Event: 4229.330 Thread 0x00000231662aa0e0 Exception <a 'java/lang/ArrayIndexOutOfBoundsException'{0x000000071be92210}> (0x000000071be92210) 
thrown [s\src\hotspot\share\runtime\sharedRuntime.cpp, line 625]
Event: 4229.330 Thread 0x00000231662aa0e0 Exception <a 'java/lang/ArrayIndexOutOfBoundsException'{0x000000071be927e8}> (0x000000071be927e8) 
thrown [s\src\hotspot\share\runtime\sharedRuntime.cpp, line 625]
Event: 4229.387 Thread 0x00000231662aa0e0 Exception <a 'java/io/FileNotFoundException'{0x000000071ae98990}> (0x000000071ae98990) 
thrown [s\src\hotspot\share\prims\jni.cpp, line 520]
Event: 4229.799 Thread 0x00000231662aa0e0 Exception <a 'java/io/FileNotFoundException'{0x000000071e34a440}> (0x000000071e34a440) 
thrown [s\src\hotspot\share\prims\jni.cpp, line 520]
Event: 4381.375 Thread 0x0000023165137a60 Exception <a 'java/lang/NoSuchMethodError'{0x000000071a1d74c8}: 'java.lang.Object java.lang.invoke.DirectMethodHandle$Holder.invokeVirtual(java.lang.Object, java.lang.Object, int)'> (0x000000071a1d74c8) 
thrown [s\src\hotspot\share\interpreter\linkResolver.cpp, line 773]
Event: 4381.375 Thread 0x0000023165137a60 Implicit null exception at 0x000002310af28003 to 0x000002310af2a508
Event: 4517.946 Thread 0x0000023165138e10 Exception <a 'java/lang/NoSuchMethodError'{0x00000007176720a0}: 'java.lang.Object java.lang.invoke.DelegatingMethodHandle$Holder.reinvoke_L(java.lang.Object, java.lang.Object, int, int, java.lang.Object, java.lang.Object)'> (0x00000007176720a0) 
thrown [s\src\hotspot\share\interpreter\linkResolver.cpp, line 773]
Event: 4751.161 Thread 0x00000231662ab490 Exception <a 'java/lang/InterruptedException'{0x000000071c800040}: sleep interrupted> (0x000000071c800040) 
thrown [s\src\hotspot\share\prims\jvm.cpp, line 3074]

ZGC Phase Switch (0 events):
No events

VM Operations (20 events):
Event: 4571.594 Executing VM operation: RendezvousGCThreads done
Event: 4679.380 Executing VM operation: G1CollectForAllocation (G1 Evacuation Pause)
Event: 4679.383 Executing VM operation: G1CollectForAllocation (G1 Evacuation Pause) done
Event: 4679.531 Executing VM operation: G1PauseRemark
Event: 4679.544 Executing VM operation: G1PauseRemark done
Event: 4679.586 Executing VM operation: G1PauseCleanup
Event: 4679.586 Executing VM operation: G1PauseCleanup done
Event: 4685.635 Executing VM operation: Cleanup
Event: 4685.635 Executing VM operation: Cleanup done
Event: 4687.640 Executing VM operation: Cleanup
Event: 4687.640 Executing VM operation: Cleanup done
Event: 4692.011 Executing VM operation: HandshakeAllThreads (HandshakeForDeflation)
Event: 4692.011 Executing VM operation: HandshakeAllThreads (HandshakeForDeflation) done
Event: 4692.011 Executing VM operation: RendezvousGCThreads
Event: 4692.011 Executing VM operation: RendezvousGCThreads done
Event: 4694.033 Executing VM operation: Cleanup
Event: 4694.033 Executing VM operation: Cleanup done
Event: 4695.041 Executing VM operation: Cleanup
Event: 4695.041 Executing VM operation: Cleanup done
Event: 4751.161 Executing VM operation: G1CollectFull (System.gc())

Memory protections (0 events):
No events

Nmethod flushes (20 events):
Event: 4679.544 Thread 0x00000231179cfe50 flushing  nmethod 0x0000023103196790
Event: 4679.544 Thread 0x00000231179cfe50 flushing  nmethod 0x00000231033bd510
Event: 4679.544 Thread 0x00000231179cfe50 flushing  nmethod 0x0000023103518090
Event: 4679.544 Thread 0x00000231179cfe50 flushing  nmethod 0x000002310374c690
Event: 4679.544 Thread 0x00000231179cfe50 flushing  nmethod 0x00000231038c2610
Event: 4679.544 Thread 0x00000231179cfe50 flushing  nmethod 0x0000023104081690
Event: 4679.544 Thread 0x00000231179cfe50 flushing  nmethod 0x00000231043b6890
Event: 4679.544 Thread 0x00000231179cfe50 flushing  nmethod 0x00000231046d9290
Event: 4679.544 Thread 0x00000231179cfe50 flushing  nmethod 0x000002310c16fb90
Event: 4679.544 Thread 0x00000231179cfe50 flushing  nmethod 0x00000231045da090
Event: 4679.544 Thread 0x00000231179cfe50 flushing  nmethod 0x00000231046cba90
Event: 4679.544 Thread 0x00000231179cfe50 flushing  nmethod 0x000002310477b790
Event: 4679.544 Thread 0x00000231179cfe50 flushing  nmethod 0x000002310c099910
Event: 4679.544 Thread 0x00000231179cfe50 flushing  nmethod 0x0000023103a96210
Event: 4679.544 Thread 0x00000231179cfe50 flushing  nmethod 0x0000023104a54510
Event: 4679.544 Thread 0x00000231179cfe50 flushing  nmethod 0x0000023103265410
Event: 4679.544 Thread 0x00000231179cfe50 flushing  nmethod 0x00000231033af510
Event: 4679.544 Thread 0x00000231179cfe50 flushing  nmethod 0x0000023103984790
Event: 4679.544 Thread 0x00000231179cfe50 flushing  nmethod 0x0000023104775790
Event: 4679.544 Thread 0x00000231179cfe50 flushing  nmethod 0x0000023104935290

Events (20 events):
Event: 4751.153 Thread 0x0000023165133f50 Thread added: 0x000002316506edf0
Event: 4751.153 Thread 0x0000023165133f50 Thread exited: 0x0000023165133f50
Event: 4751.156 Thread 0x0000023164f2a2d0 Thread exited: 0x0000023164f2a2d0
Event: 4751.156 Thread 0x0000023164f295b0 Thread exited: 0x0000023164f295b0
Event: 4751.156 Thread 0x0000023165131e80 Thread exited: 0x0000023165131e80
Event: 4751.156 Thread 0x0000023164f2b680 Thread exited: 0x0000023164f2b680
Event: 4751.156 Thread 0x00000231651366b0 Thread exited: 0x00000231651366b0
Event: 4751.156 Thread 0x0000023165138e10 Thread exited: 0x0000023165138e10
Event: 4751.156 Thread 0x00000231651380f0 Thread exited: 0x00000231651380f0
Event: 4751.156 Thread 0x00000231651373d0 Thread exited: 0x00000231651373d0
Event: 4751.156 Thread 0x0000023164f29c40 Thread exited: 0x0000023164f29c40
Event: 4751.156 Thread 0x00000231651317f0 Thread exited: 0x00000231651317f0
Event: 4751.156 Thread 0x0000023165137a60 Thread exited: 0x0000023165137a60
Event: 4751.156 Thread 0x0000023164f2bd10 Thread exited: 0x0000023164f2bd10
Event: 4751.159 Thread 0x000002316506edf0 Thread added: 0x000002316506fb10
Event: 4751.159 Thread 0x00000231662aa770 Thread exited: 0x00000231662aa770
Event: 4751.159 Thread 0x000002316506fb10 Thread exited: 0x000002316506fb10
Event: 4751.161 Thread 0x00000231662a7980 Thread exited: 0x00000231662a7980
Event: 4751.161 Thread 0x00000231662aae00 Thread exited: 0x00000231662aae00
Event: 4751.161 Thread 0x00000231662ab490 Thread exited: 0x00000231662ab490


Dynamic libraries:
0x00007ff763460000 - 0x00007ff76346e000 	C:\Users\vitor\.windsurf\extensions\redhat.java-1.46.0-win32-x64\jre\21.0.8-win32-x86_64\bin\java.exe
0x00007ff97ce00000 - 0x00007ff97d068000 	C:\WINDOWS\SYSTEM32\ntdll.dll
0x00007ff97bbc0000 - 0x00007ff97bc89000 	C:\WINDOWS\System32\KERNEL32.DLL
0x00007ff97a450000 - 0x00007ff97a842000 	C:\WINDOWS\System32\KERNELBASE.dll
0x00007ff97a300000 - 0x00007ff97a44b000 	C:\WINDOWS\System32\ucrtbase.dll
0x00007ff971f30000 - 0x00007ff971f48000 	C:\Users\vitor\.windsurf\extensions\redhat.java-1.46.0-win32-x64\jre\21.0.8-win32-x86_64\bin\jli.dll
0x00007ff95f530000 - 0x00007ff95f54e000 	C:\Users\vitor\.windsurf\extensions\redhat.java-1.46.0-win32-x64\jre\21.0.8-win32-x86_64\bin\VCRUNTIME140.dll
0x00007ff97cbb0000 - 0x00007ff97cd75000 	C:\WINDOWS\System32\USER32.dll
0x00007ff966b70000 - 0x00007ff966e03000 	C:\WINDOWS\WinSxS\amd64_microsoft.windows.common-controls_6595b64144ccf1df_6.0.26100.6899_none_3e0efeeae32e88c1\COMCTL32.dll
0x00007ff97a850000 - 0x00007ff97a877000 	C:\WINDOWS\System32\win32u.dll
0x00007ff97c470000 - 0x00007ff97c519000 	C:\WINDOWS\System32\msvcrt.dll
0x00007ff97cd80000 - 0x00007ff97cdab000 	C:\WINDOWS\System32\GDI32.dll
0x00007ff97aaa0000 - 0x00007ff97abcd000 	C:\WINDOWS\System32\gdi32full.dll
0x00007ff97a100000 - 0x00007ff97a1a3000 	C:\WINDOWS\System32\msvcp_win.dll
0x00007ff97bd20000 - 0x00007ff97bd4f000 	C:\WINDOWS\System32\IMM32.DLL
0x00007ff972070000 - 0x00007ff97207c000 	C:\Users\vitor\.windsurf\extensions\redhat.java-1.46.0-win32-x64\jre\21.0.8-win32-x86_64\bin\vcruntime140_1.dll
0x00007ff92ca20000 - 0x00007ff92caad000 	C:\Users\vitor\.windsurf\extensions\redhat.java-1.46.0-win32-x64\jre\21.0.8-win32-x86_64\bin\msvcp140.dll
0x00007ff86e180000 - 0x00007ff86ef17000 	C:\Users\vitor\.windsurf\extensions\redhat.java-1.46.0-win32-x64\jre\21.0.8-win32-x86_64\bin\server\jvm.dll
0x00007ff97bb00000 - 0x00007ff97bbb4000 	C:\WINDOWS\System32\ADVAPI32.dll
0x00007ff97c0f0000 - 0x00007ff97c196000 	C:\WINDOWS\System32\sechost.dll
0x00007ff97bd80000 - 0x00007ff97be98000 	C:\WINDOWS\System32\RPCRT4.dll
0x00007ff97c3f0000 - 0x00007ff97c464000 	C:\WINDOWS\System32\WS2_32.dll
0x00007ff979df0000 - 0x00007ff979e4e000 	C:\WINDOWS\SYSTEM32\POWRPROF.dll
0x00007ff972980000 - 0x00007ff97298b000 	C:\WINDOWS\SYSTEM32\VERSION.dll
0x00007ff96bda0000 - 0x00007ff96bdd5000 	C:\WINDOWS\SYSTEM32\WINMM.dll
0x00007ff979dd0000 - 0x00007ff979de4000 	C:\WINDOWS\SYSTEM32\UMPDC.dll
0x00007ff978d60000 - 0x00007ff978d7b000 	C:\WINDOWS\SYSTEM32\kernel.appcore.dll
0x00007ff96a2e0000 - 0x00007ff96a2ea000 	C:\Users\vitor\.windsurf\extensions\redhat.java-1.46.0-win32-x64\jre\21.0.8-win32-x86_64\bin\jimage.dll
0x00007ff9777f0000 - 0x00007ff977a32000 	C:\WINDOWS\SYSTEM32\DBGHELP.DLL
0x00007ff97b640000 - 0x00007ff97b9bb000 	C:\WINDOWS\System32\combase.dll
0x00007ff97b9c0000 - 0x00007ff97ba97000 	C:\WINDOWS\System32\OLEAUT32.dll
0x00007ff9682f0000 - 0x00007ff96832c000 	C:\WINDOWS\SYSTEM32\dbgcore.DLL
0x00007ff97aa00000 - 0x00007ff97aa98000 	C:\WINDOWS\System32\bcryptPrimitives.dll
0x00007ff95f4f0000 - 0x00007ff95f50f000 	C:\Users\vitor\.windsurf\extensions\redhat.java-1.46.0-win32-x64\jre\21.0.8-win32-x86_64\bin\java.dll
0x00007ff97aef0000 - 0x00007ff97b63d000 	C:\WINDOWS\System32\SHELL32.dll
0x00007ff979f90000 - 0x00007ff97a0fb000 	C:\WINDOWS\System32\wintypes.dll
0x00007ff977c20000 - 0x00007ff97847d000 	C:\WINDOWS\SYSTEM32\windows.storage.dll
0x00007ff97c520000 - 0x00007ff97c612000 	C:\WINDOWS\System32\SHCORE.dll
0x00007ff97c1a0000 - 0x00007ff97c202000 	C:\WINDOWS\System32\shlwapi.dll
0x00007ff979eb0000 - 0x00007ff979ed9000 	C:\WINDOWS\SYSTEM32\profapi.dll
0x00007ff95f310000 - 0x00007ff95f328000 	C:\Users\vitor\.windsurf\extensions\redhat.java-1.46.0-win32-x64\jre\21.0.8-win32-x86_64\bin\zip.dll
0x00007ff968fb0000 - 0x00007ff968fc0000 	C:\Users\vitor\.windsurf\extensions\redhat.java-1.46.0-win32-x64\jre\21.0.8-win32-x86_64\bin\net.dll
0x00007ff972270000 - 0x00007ff97238f000 	C:\WINDOWS\SYSTEM32\WINHTTP.dll
0x00007ff9792d0000 - 0x00007ff97933b000 	C:\WINDOWS\system32\mswsock.dll
0x00007ff95f180000 - 0x00007ff95f196000 	C:\Users\vitor\.windsurf\extensions\redhat.java-1.46.0-win32-x64\jre\21.0.8-win32-x86_64\bin\nio.dll
0x00007ff976b40000 - 0x00007ff976b50000 	C:\Users\vitor\.windsurf\extensions\redhat.java-1.46.0-win32-x64\jre\21.0.8-win32-x86_64\bin\verify.dll
0x00007ff976b30000 - 0x00007ff976b3a000 	C:\Users\vitor\.windsurf\extensions\redhat.java-1.46.0-win32-x64\jre\21.0.8-win32-x86_64\bin\management.dll
0x00007ff976b20000 - 0x00007ff976b2b000 	C:\Users\vitor\.windsurf\extensions\redhat.java-1.46.0-win32-x64\jre\21.0.8-win32-x86_64\bin\management_ext.dll
0x00007ff97cdb0000 - 0x00007ff97cdb8000 	C:\WINDOWS\System32\PSAPI.DLL
0x00007ff95ab30000 - 0x00007ff95ab3e000 	C:\Users\vitor\.windsurf\extensions\redhat.java-1.46.0-win32-x64\jre\21.0.8-win32-x86_64\bin\sunmscapi.dll
0x00007ff97a880000 - 0x00007ff97a9f7000 	C:\WINDOWS\System32\CRYPT32.dll
0x00007ff9797a0000 - 0x00007ff9797d0000 	C:\WINDOWS\SYSTEM32\ncrypt.dll
0x00007ff979750000 - 0x00007ff97978f000 	C:\WINDOWS\SYSTEM32\NTASN1.dll
0x00007ff979580000 - 0x00007ff97959b000 	C:\WINDOWS\SYSTEM32\CRYPTSP.dll
0x00007ff978cc0000 - 0x00007ff978cfb000 	C:\WINDOWS\system32\rsaenh.dll
0x00007ff979370000 - 0x00007ff97939b000 	C:\WINDOWS\SYSTEM32\USERENV.dll
0x00007ff979e80000 - 0x00007ff979ea6000 	C:\WINDOWS\SYSTEM32\bcrypt.dll
0x00007ff9795a0000 - 0x00007ff9795ac000 	C:\WINDOWS\SYSTEM32\CRYPTBASE.dll
0x00007ff978780000 - 0x00007ff9787b4000 	C:\WINDOWS\SYSTEM32\IPHLPAPI.DLL
0x00007ff97bd70000 - 0x00007ff97bd7a000 	C:\WINDOWS\System32\NSI.dll
0x00007ff95a760000 - 0x00007ff95a769000 	C:\Users\vitor\.windsurf\extensions\redhat.java-1.46.0-win32-x64\jre\21.0.8-win32-x86_64\bin\extnet.dll
0x00007ff8e5f30000 - 0x00007ff8e5f38000 	C:\WINDOWS\system32\wshunix.dll
0x00007ff978810000 - 0x00007ff978936000 	C:\WINDOWS\SYSTEM32\DNSAPI.dll
0x00007ff972970000 - 0x00007ff97297b000 	C:\Windows\System32\rasadhlp.dll
0x00007ff9709c0000 - 0x00007ff970a46000 	C:\WINDOWS\System32\fwpuclnt.dll
0x00007ff965c50000 - 0x00007ff965e30000 	C:\WINDOWS\system32\urlmon.dll
0x00007ff9658f0000 - 0x00007ff965bb5000 	C:\WINDOWS\SYSTEM32\iertutil.dll
0x00007ff978770000 - 0x00007ff97877d000 	C:\WINDOWS\SYSTEM32\netutils.dll
0x00007ff9658a0000 - 0x00007ff9658c9000 	C:\WINDOWS\SYSTEM32\srvcli.dll

JVMTI agents: none

dbghelp: loaded successfully - version: 4.0.5 - missing functions: none
symbol engine: initialized successfully - sym options: 0x614 - pdb path: .;C:\Users\vitor\.windsurf\extensions\redhat.java-1.46.0-win32-x64\jre\21.0.8-win32-x86_64\bin;C:\WINDOWS\SYSTEM32;C:\WINDOWS\WinSxS\amd64_microsoft.windows.common-controls_6595b64144ccf1df_6.0.26100.6899_none_3e0efeeae32e88c1;C:\Users\vitor\.windsurf\extensions\redhat.java-1.46.0-win32-x64\jre\21.0.8-win32-x86_64\bin\server

VM Arguments:
jvm_args: -XX:+ShowCodeDetailsInExceptionMessages 
java_command: com.ojtechapi.spring.jwtoauth.OJTechApiApplication
java_class_path (initial): C:\Users\vitor\Desktop\newOjtech\ojtech-rewritten\JavaSpringBootOAuth2JwtCrud\target\classes;C:\Users\vitor\.m2\repository\org\springframework\boot\spring-boot-starter-web\3.2.3\spring-boot-starter-web-3.2.3.jar;C:\Users\vitor\.m2\repository\org\springframework\boot\spring-boot-starter\3.2.3\spring-boot-starter-3.2.3.jar;C:\Users\vitor\.m2\repository\org\springframework\boot\spring-boot-starter-logging\3.2.3\spring-boot-starter-logging-3.2.3.jar;C:\Users\vitor\.m2\repository\ch\qos\logback\logback-classic\1.4.14\logback-classic-1.4.14.jar;C:\Users\vitor\.m2\repository\ch\qos\logback\logback-core\1.4.14\logback-core-1.4.14.jar;C:\Users\vitor\.m2\repository\org\apache\logging\log4j\log4j-to-slf4j\2.21.1\log4j-to-slf4j-2.21.1.jar;C:\Users\vitor\.m2\repository\org\apache\logging\log4j\log4j-api\2.21.1\log4j-api-2.21.1.jar;C:\Users\vitor\.m2\repository\org\slf4j\jul-to-slf4j\2.0.12\jul-to-slf4j-2.0.12.jar;C:\Users\vitor\.m2\repository\jakarta\annotation\jakarta.annotation-api\2.1.1\jakarta.annotation-api-2.1.1.jar;C:\Users\vitor\.m2\repository\org\yaml\snakeyaml\2.2\snakeyaml-2.2.jar;C:\Users\vitor\.m2\repository\org\springframework\boot\spring-boot-starter-json\3.2.3\spring-boot-starter-json-3.2.3.jar;C:\Users\vitor\.m2\repository\com\fasterxml\jackson\datatype\jackson-datatype-jdk8\2.15.4\jackson-datatype-jdk8-2.15.4.jar;C:\Users\vitor\.m2\repository\com\fasterxml\jackson\datatype\jackson-datatype-jsr310\2.15.4\jackson-datatype-jsr310-2.15.4.jar;C:\Users\vitor\.m2\repository\com\fasterxml\jackson\module\jackson-module-parameter-names\2.15.4\jackson-module-parameter-names-2.15.4.jar;C:\Users\vitor\.m2\repository\org\springframework\boot\spring-boot-starter-tomcat\3.2.3\spring-boot-starter-tomcat-3.2.3.jar;C:\Users\vitor\.m2\repository\org\apache\tomcat\embed\tomcat-embed-core\10.1.19\tomcat-embed-core-10.1.19.jar;C:\Users\vitor\.m2\repository\org\apache\tomcat\embed\tomcat-embed-websocket\10.1.19\tomcat-embed-websocket-10.1.19.jar;C:\Users\vitor\.m2\repository\org\springframework\spring-web\6.1.4\spring-web-6.1.4.jar;C:\Users\vitor\.m2\repository\org\springframework\spring-beans\6.1.4\spring-beans-6.1.4.jar;C:\Users\vitor\.m2\repository\org\springframework\spring-webmvc\6.1.4\spring-webmvc-6.1.4.jar;C:\Users\vitor\.m2\repository\org\springframework\spring-context\6.1.4\spring-context-6.1.4.jar;C:\Users\vitor\.m2\repository\org\springframework\spring-expression\6.1.4\spring-expression-6.1.4.jar;C:\Users\vitor\.m2\repository\org\springframework\boot\spring-boot-starter-data-jpa\3.2.3\spring-boot-starter-data-jpa-3.2.3.jar;C:\Users\vitor\.m2\repository\org\springframework\boot\spring-boot-starter-aop\3.2.3\spring-boot-starter-aop-3.2.3.jar;C:\Users\vitor\.m2\repository\org\aspectj\aspectjweaver\1.9.21\aspectjweaver-1.9.21.jar;C:\Users\vitor\.m2\repository\org\springframework\boot\spring-boot-starter-jdbc\3.2.3\spring-boot-starter-jdbc-3.2.3.jar;C:\Users\vitor\.m2\repository\com\zaxxer\HikariCP\5.0.1\HikariCP-5.0.1.jar;C:\Users\vitor\.m2\repository\org\springframework\spring-jdbc\6.1.4\spring-jdbc-6.1.4.jar;C:\Users\vitor\.m2\repository\org\hibernate\orm\hibernate-core\6.4.4.Final\hibernate-core-6.4.4.Final.jar;C:\Users\vitor\.m2\repository\jakarta\persistence\jakarta.persistence-api\3.1.0\jakarta.persistence-api-3.1.0.jar;C:\Users\vitor\.m2\repository\jakarta\transaction\jakarta.transaction-api\2.0.1\jakarta.transaction-api-2.0.1.jar;C:\Users\vitor\.m2\repository\org\jboss\logging\jboss-logging\3.5.3.Final\jboss-logging-3.5.3.Final.jar;C:\Users\vitor\.m2\repository\org\hibernate\common\hibernate-commons-annotations\6.0.6.Final\hibernate-commons-annotations-6.0.6.Final.jar;C:\Users\vitor\.m2\repository\io\smallrye\jandex\3.1.2\jandex-3.1.2.jar;C:\Users\vitor\.m2\repository\com\fasterxml\classmate\1.6.0\classmate-1.6.0.jar;C:\Users\vitor\.m2\repository\org\glassfish\jaxb\jaxb-runtime\4.0.4\jaxb-runtime-4.0.4.jar;C:\Users\vitor\.m2\repository\org\glassfish\jaxb\jaxb-core\4.0.4\jaxb-core-4.0.4.jar;C:\Users\vitor\.m2\repository\org\eclipse\angus\angus-activation\2.0.1\angus-activation-2.0.1.jar;C:\Users\vitor\.m2\repository\org\glassfish\jaxb\txw2\4.0.4\txw2-4.0.4.jar;C:\Users\vitor\.m2\repository\com\sun\istack\istack-commons-runtime\4.1.2\istack-commons-runtime-4.1.2.jar;C:\Users\vitor\.m2\repository\jakarta\inject\jakarta.inject-api\2.0.1\jakarta.inject-api-2.0.1.jar;C:\Users\vitor\.m2\repository\org\antlr\antlr4-runtime\4.13.0\antlr4-runtime-4.13.0.jar;C:\Users\vitor\.m2\repository\org\springframework\data\spring-data-jpa\3.2.3\spring-data-jpa-3.2.3.jar;C:\Users\vitor\.m2\repository\org\springframework\data\spring-data-commons\3.2.3\spring-data-commons-3.2.3.jar;C:\Users\vitor\.m2\repository\org\springframework\spring-orm\6.1.4\spring-orm-6.1.4.jar;C:\Users\vitor\.m2\repository\org\springframework\spring-tx\6.1.4\spring-tx-6.1.4.jar;C:\Users\vitor\.m2\repository\org\slf4j\slf4j-api\2.0.12\slf4j-api-2.0.12.jar;C:\Users\vitor\.m2\repository\org\springframework\spring-aspects\6.1.4\spring-aspects-6.1.4.jar;C:\Users\vitor\.m2\repository\org\springframework\boot\spring-boot-starter-security\3.2.3\spring-boot-starter-security-3.2.3.jar;C:\Users\vitor\.m2\repository\org\springframework\spring-aop\6.1.4\spring-aop-6.1.4.jar;C:\Users\vitor\.m2\repository\org\springframework\security\spring-security-config\6.2.2\spring-security-config-6.2.2.jar;C:\Users\vitor\.m2\repository\org\springframework\security\spring-security-web\6.2.2\spring-security-web-6.2.2.jar;C:\Users\vitor\.m2\repository\org\springframework\boot\spring-boot-starter-oauth2-client\3.2.3\spring-boot-starter-oauth2-client-3.2.3.jar;C:\Users\vitor\.m2\repository\org\springframework\security\spring-security-core\6.2.2\spring-security-core-6.2.2.jar;C:\Users\vitor\.m2\repository\org\springframework\security\spring-security-crypto\6.2.2\spring-security-crypto-6.2.2.jar;C:\Users\vitor\.m2\repository\org\springframework\security\spring-security-oauth2-client\6.2.2\spring-security-oauth2-client-6.2.2.jar;C:\Users\vitor\.m2\repository\org\springframework\security\spring-security-oauth2-core\6.2.2\spring-security-oauth2-core-6.2.2.jar;C:\Users\vitor\.m2\repository\com\nimbusds\oauth2-oidc-sdk\9.43.3\oauth2-oidc-sdk-9.43.3.jar;C:\Users\vitor\.m2\repository\com\github\stephenc\jcip\jcip-annotations\1.0-1\jcip-annotations-1.0-1.jar;C:\Users\vitor\.m2\repository\com\nimbusds\content-type\2.2\content-type-2.2.jar;C:\Users\vitor\.m2\repository\com\nimbusds\lang-tag\1.7\lang-tag-1.7.jar;C:\Users\vitor\.m2\repository\org\springframework\security\spring-security-oauth2-jose\6.2.2\spring-security-oauth2-jose-6.2.2.jar;C:\Users\vitor\.m2\repository\com\nimbusds\nimbus-jose-jwt\9.24.4\nimbus-jose-jwt-9.24.4.jar;C:\Users\vitor\.m2\repository\org\springframework\boot\spring-boot-starter-validation\3.2.3\spring-boot-starter-validation-3.2.3.jar;C:\Users\vitor\.m2\repository\org\apache\tomcat\embed\tomcat-embed-el\10.1.19\tomcat-embed-el-10.1.19.jar;C:\Users\vitor\.m2\repository\org\hibernate\validator\hibernate-validator\8.0.1.Final\hibernate-validator-8.0.1.Final.jar;C:\Users\vitor\.m2\repository\org\springframework\boot\spring-boot-starter-actuator\3.2.3\spring-boot-starter-actuator-3.2.3.jar;C:\Users\vitor\.m2\repository\org\springframework\boot\spring-boot-actuator-autoconfigure\3.2.3\spring-boot-actuator-autoconfigure-3.2.3.jar;C:\Users\vitor\.m2\repository\org\springframework\boot\spring-boot-actuator\3.2.3\spring-boot-actuator-3.2.3.jar;C:\Users\vitor\.m2\repository\io\micrometer\micrometer-observation\1.12.3\micrometer-observation-1.12.3.jar;C:\Users\vitor\.m2\repository\io\micrometer\micrometer-commons\1.12.3\micrometer-commons-1.12.3.jar;C:\Users\vitor\.m2\repository\io\micrometer\micrometer-jakarta9\1.12.3\micrometer-jakarta9-1.12.3.jar;C:\Users\vitor\.m2\repository\io\micrometer\micrometer-core\1.12.3\micrometer-core-1.12.3.jar;C:\Users\vitor\.m2\repository\org\hdrhistogram\HdrHistogram\2.1.12\HdrHistogram-2.1.12.jar;C:\Users\vitor\.m2\repository\org\latencyutils\LatencyUtils\2.0.3\LatencyUtils-2.0.3.jar;C:\Users\vitor\.m2\repository\com\sendgrid\sendgrid-java\4.10.3\sendgrid-java-4.10.3.jar;C:\Users\vitor\.m2\repository\com\sendgrid\java-http-client\4.5.0\java-http-client-4.5.0.jar;C:\Users\vitor\.m2\repository\org\apache\httpcomponents\httpcore\4.4.16\httpcore-4.4.16.jar;C:\Users\vitor\.m2\repository\com\fasterxml\jackson\core\jackson-core\2.15.4\jackson-core-2.15.4.jar;C:\Users\vitor\.m2\repository\com\fasterxml\jackson\core\jackson-annotations\2.15.4\jackson-annotations-2.15.4.jar;C:\Users\vitor\.m2\repository\com\fasterxml\jackson\core\jackson-databind\2.15.4\jackson-databind-2.15.4.jar;C:\Users\vitor\.m2\repository\com\h2database\h2\2.2.224\h2-2.2.224.jar;C:\Users\vitor\.m2\repository\org\postgresql\postgresql\42.6.1\postgresql-42.6.1.jar;C:\Users\vitor\.m2\repository\org\checkerframework\checker-qual\3.31.0\checker-qual-3.31.0.jar;C:\Users\vitor\.m2\repository\io\jsonwebtoken\jjwt-api\0.11.5\jjwt-api-0.11.5.jar;C:\Users\vitor\.m2\repository\io\jsonwebtoken\jjwt-impl\0.11.5\jjwt-impl-0.11.5.jar;C:\Users\vitor\.m2\repository\io\jsonwebtoken\jjwt-jackson\0.11.5\jjwt-jackson-0.11.5.jar;C:\Users\vitor\.m2\repository\com\cloudinary\cloudinary-http44\1.34.0\cloudinary-http44-1.34.0.jar;C:\Users\vitor\.m2\repository\com\cloudinary\cloudinary-core\1.34.0\cloudinary-core-1.34.0.jar;C:\Users\vitor\.m2\repository\org\apache\commons\commons-lang3\3.13.0\commons-lang3-3.13.0.jar;C:\Users\vitor\.m2\repository\org\apache\httpcomponents\httpclient\4.4\httpclient-4.4.jar;C:\Users\vitor\.m2\repository\commons-logging\commons-logging\1.2\commons-logging-1.2.jar;C:\Users\vitor\.m2\repository\commons-codec\commons-codec\1.16.1\commons-codec-1.16.1.jar;C:\Users\vitor\.m2\repository\org\apache\httpcomponents\httpmime\4.4\httpmime-4.4.jar;C:\Users\vitor\.m2\repository\org\springdoc\springdoc-openapi-starter-webmvc-ui\2.3.0\springdoc-openapi-starter-webmvc-ui-2.3.0.jar;C:\Users\vitor\.m2\repository\org\springdoc\springdoc-openapi-starter-webmvc-api\2.3.0\springdoc-openapi-starter-webmvc-api-2.3.0.jar;C:\Users\vitor\.m2\repository\org\springdoc\springdoc-openapi-starter-common\2.3.0\springdoc-openapi-starter-common-2.3.0.jar;C:\Users\vitor\.m2\repository\io\swagger\core\v3\swagger-core-jakarta\2.2.19\swagger-core-jakarta-2.2.19.jar;C:\Users\vitor\.m2\repository\io\swagger\core\v3\swagger-annotations-jakarta\2.2.19\swagger-annotations-jakarta-2.2.19.jar;C:\Users\vitor\.m2\repository\io\swagger\core\v3\swagger-models-jakarta\2.2.19\swagger-models-jakarta-2.2.19.jar;C:\Users\vitor\.m2\repository\com\fasterxml\jackson\dataformat\jackson-dataformat-yaml\2.15.4\jackson-dataformat-yaml-2.15.4.jar;C:\Users\vitor\.m2\repository\org\webjars\swagger-ui\5.10.3\swagger-ui-5.10.3.jar;C:\Users\vitor\.m2\repository\org\springframework\boot\spring-boot-devtools\3.2.3\spring-boot-devtools-3.2.3.jar;C:\Users\vitor\.m2\repository\org\springframework\boot\spring-boot\3.2.3\spring-boot-3.2.3.jar;C:\Users\vitor\.m2\repository\org\springframework\boot\spring-boot-autoconfigure\3.2.3\spring-boot-autoconfigure-3.2.3.jar;C:\Users\vitor\.m2\repository\jakarta\validation\jakarta.validation-api\3.0.2\jakarta.validation-api-3.0.2.jar;C:\Users\vitor\.m2\repository\jakarta\xml\bind\jakarta.xml.bind-api\4.0.1\jakarta.xml.bind-api-4.0.1.jar;C:\Users\vitor\.m2\repository\jakarta\activation\jakarta.activation-api\2.1.2\jakarta.activation-api-2.1.2.jar;C:\Users\vitor\.m2\repository\net\minidev\json-smart\2.5.0\json-smart-2.5.0.jar;C:\Users\vitor\.m2\repository\net\minidev\accessors-smart\2.5.0\accessors-smart-2.5.0.jar;C:\Users\vitor\.m2\repository\org\ow2\asm\asm\9.3\asm-9.3.jar;C:\Users\vitor\.m2\repository\org\springframework\spring-core\6.1.4\spring-core-6.1.4.jar;C:\Users\vitor\.m2\repository\org\springframework\spring-jcl\6.1.4\spring-jcl-6.1.4.jar;C:\Users\vitor\.m2\repository\net\bytebuddy\byte-buddy\1.14.11\byte-buddy-1.14.11.jar
Launcher Type: SUN_STANDARD

[Global flags]
     intx CICompilerCount                          = 12                                        {product} {ergonomic}
     uint ConcGCThreads                            = 3                                         {product} {ergonomic}
     uint G1ConcRefinementThreads                  = 13                                        {product} {ergonomic}
   size_t G1HeapRegionSize                         = 2097152                                   {product} {ergonomic}
    uintx GCDrainStackTargetSize                   = 64                                        {product} {ergonomic}
   size_t InitialHeapSize                          = 268435456                                 {product} {ergonomic}
   size_t MarkStackSize                            = 4194304                                   {product} {ergonomic}
   size_t MaxHeapSize                              = 4276092928                                {product} {ergonomic}
   size_t MaxNewSize                               = 2564816896                                {product} {ergonomic}
   size_t MinHeapDeltaBytes                        = 2097152                                   {product} {ergonomic}
   size_t MinHeapSize                              = 8388608                                   {product} {ergonomic}
    uintx NonNMethodCodeHeapSize                   = 7602480                                {pd product} {ergonomic}
    uintx NonProfiledCodeHeapSize                  = 122027880                              {pd product} {ergonomic}
    uintx ProfiledCodeHeapSize                     = 122027880                              {pd product} {ergonomic}
    uintx ReservedCodeCacheSize                    = 251658240                              {pd product} {ergonomic}
     bool SegmentedCodeCache                       = true                                      {product} {ergonomic}
     bool ShowCodeDetailsInExceptionMessages       = true                                   {manageable} {command line}
   size_t SoftMaxHeapSize                          = 4276092928                             {manageable} {ergonomic}
     bool UseCompressedOops                        = true                           {product lp64_product} {ergonomic}
     bool UseG1GC                                  = true                                      {product} {ergonomic}
     bool UseLargePagesIndividualAllocation        = false                                  {pd product} {ergonomic}

Logging:
Log output configuration:
 #0: stdout all=warning uptime,level,tags foldmultilines=false
 #1: stderr all=off uptime,level,tags foldmultilines=false

Environment Variables:
PATH=C:\Program Files\Common Files\Oracle\Java\javapath;C:\WINDOWS\system32;C:\WINDOWS;C:\WINDOWS\System32\Wbem;C:\WINDOWS\System32\WindowsPowerShell\v1.0\;C:\WINDOWS\System32\OpenSSH\;C:\Program Files\nodejs\;C:\Program Files\cursor\resources\app\bin;C:\Program Files\Git\cmd;C:\Program Files\Git\mingw64\bin;C:\Program Files\Git\usr\bin;C:\Users\vitor\AppData\Local\Programs\Python\Launcher\;C:\Users\vitor\AppData\Local\Microsoft\WindowsApps;C:\Users\vitor\AppData\Roaming\npm;C:\Users\vitor\AppData\Local\Programs\Microsoft VS Code\bin;C:\Users\vitor\AppData\Local\Python\bin;C:\Users\vitor\AppData\Local\Programs\Windsurf\bin
USERNAME=vitor
LANG=en_US.UTF-8
OS=Windows_NT
PROCESSOR_IDENTIFIER=AMD64 Family 25 Model 33 Stepping 2, AuthenticAMD
TMP=C:\Users\vitor\AppData\Local\Temp
TEMP=C:\Users\vitor\AppData\Local\Temp




Periodic native trim disabled

---------------  S Y S T E M  ---------------

OS:
 Windows 11 , 64 bit Build 26100 (10.0.26100.6725)
OS uptime: 0 days 11:04 hours

CPU: total 16 (initial active 16) (16 cores per cpu, 2 threads per core) family 25 model 33 stepping 2 microcode 0xa20120e, cx8, cmov, fxsr, ht, mmx, 3dnowpref, sse, sse2, sse3, ssse3, sse4a, sse4.1, sse4.2, popcnt, lzcnt, tsc, tscinvbit, avx, avx2, aes, erms, clmul, bmi1, bmi2, adx, sha, fma, vzeroupper, clflush, clflushopt, rdtscp, rdpid, fsrm, f16c, pku, cet_ss
Processor Information for the first 16 processors :
  Max Mhz: 3401, Current Mhz: 3401, Mhz Limit: 3401

Memory: 4k page, system-wide physical 16306M (530M free)
TotalPageFile size 44809M (AvailPageFile size 37M)
current process WorkingSet (physical memory assigned to process): 928M, peak: 937M
current process commit charge ("private bytes"): 1029M, peak: 1030M

vm_info: OpenJDK 64-Bit Server VM (21.0.8+9-LTS) for windows-amd64 JRE (21.0.8+9-LTS), built on 2025-07-15T00:00:00Z by "admin" with MS VC++ 17.7 (VS2022)

END.
